{"/home/travis/build/npmtest/node-npmtest-csslint/test.js":{"path":"/home/travis/build/npmtest/node-npmtest-csslint/test.js","s":{"1":2,"2":2,"3":2,"4":2,"5":2,"6":2,"7":2,"8":1,"9":2,"10":2,"11":1,"12":1,"13":1,"14":1,"15":2,"16":2,"17":2,"18":2,"19":1,"20":1,"21":2,"22":2,"23":2,"24":1,"25":1,"26":1,"27":1,"28":1,"29":1,"30":1,"31":1,"32":1,"33":1,"34":1,"35":1,"36":1,"37":1,"38":1,"39":2,"40":2,"41":1,"42":2,"43":2,"44":1,"45":2,"46":2,"47":1,"48":2,"49":2,"50":1,"51":1,"52":1,"53":1,"54":1},"b":{"1":[2,1,1,1],"2":[1,1,1,1],"3":[1,1],"4":[1,1],"5":[1,1],"6":[1,1],"7":[1,1],"8":[1,1],"9":[1,1],"10":[1,1,1],"11":[1,1],"12":[1,1],"13":[1,1],"14":[1,1],"15":[1,1],"16":[1,1],"17":[1,1]},"f":{"1":2,"2":2,"3":2,"4":2,"5":2,"6":1,"7":1,"8":1,"9":2,"10":2,"11":2,"12":2,"13":1},"fnMap":{"1":{"name":"(anonymous_1)","line":12,"loc":{"start":{"line":12,"column":1},"end":{"line":12,"column":13}}},"2":{"name":"(anonymous_2)","line":19,"loc":{"start":{"line":19,"column":5},"end":{"line":19,"column":17}}},"3":{"name":"(anonymous_3)","line":23,"loc":{"start":{"line":23,"column":24},"end":{"line":23,"column":36}}},"4":{"name":"(anonymous_4)","line":61,"loc":{"start":{"line":61,"column":5},"end":{"line":61,"column":17}}},"5":{"name":"(anonymous_5)","line":82,"loc":{"start":{"line":82,"column":5},"end":{"line":82,"column":17}}},"6":{"name":"(anonymous_6)","line":91,"loc":{"start":{"line":91,"column":77},"end":{"line":94,"column":10}}},"7":{"name":"(anonymous_7)","line":112,"loc":{"start":{"line":112,"column":83},"end":{"line":115,"column":10}},"skip":true},"8":{"name":"(anonymous_8)","line":123,"loc":{"start":{"line":123,"column":77},"end":{"line":126,"column":10}},"skip":true},"9":{"name":"(anonymous_9)","line":139,"loc":{"start":{"line":139,"column":12},"end":{"line":139,"column":40}},"skip":true},"10":{"name":"(anonymous_10)","line":147,"loc":{"start":{"line":147,"column":77},"end":{"line":150,"column":10}},"skip":true},"11":{"name":"(anonymous_11)","line":158,"loc":{"start":{"line":158,"column":83},"end":{"line":161,"column":10}},"skip":true},"12":{"name":"(anonymous_12)","line":169,"loc":{"start":{"line":169,"column":79},"end":{"line":172,"column":10}},"skip":true},"13":{"name":"(anonymous_13)","line":180,"loc":{"start":{"line":180,"column":75},"end":{"line":183,"column":10}},"skip":true}},"statementMap":{"1":{"start":{"line":12,"column":0},"end":{"line":195,"column":5}},"2":{"start":{"line":14,"column":4},"end":{"line":14,"column":14}},"3":{"start":{"line":19,"column":4},"end":{"line":56,"column":9}},"4":{"start":{"line":21,"column":8},"end":{"line":21,"column":19}},"5":{"start":{"line":23,"column":8},"end":{"line":35,"column":13}},"6":{"start":{"line":24,"column":12},"end":{"line":34,"column":13}},"7":{"start":{"line":25,"column":16},"end":{"line":28,"column":30}},"8":{"start":{"line":30,"column":16},"end":{"line":33,"column":27}},"9":{"start":{"line":37,"column":8},"end":{"line":39,"column":21}},"10":{"start":{"line":40,"column":8},"end":{"line":53,"column":9}},"11":{"start":{"line":43,"column":12},"end":{"line":46,"column":14}},"12":{"start":{"line":47,"column":12},"end":{"line":47,"column":18}},"13":{"start":{"line":50,"column":12},"end":{"line":51,"column":46}},"14":{"start":{"line":52,"column":12},"end":{"line":52,"column":18}},"15":{"start":{"line":55,"column":8},"end":{"line":55,"column":35}},"16":{"start":{"line":61,"column":4},"end":{"line":63,"column":9}},"17":{"start":{"line":62,"column":8},"end":{"line":62,"column":15}},"18":{"start":{"line":64,"column":4},"end":{"line":77,"column":5}},"19":{"start":{"line":70,"column":8},"end":{"line":70,"column":14}},"20":{"start":{"line":76,"column":8},"end":{"line":76,"column":14}},"21":{"start":{"line":82,"column":4},"end":{"line":84,"column":9}},"22":{"start":{"line":83,"column":8},"end":{"line":83,"column":15}},"23":{"start":{"line":85,"column":4},"end":{"line":194,"column":5}},"24":{"start":{"line":91,"column":8},"end":{"line":99,"column":10}},"25":{"start":{"line":98,"column":12},"end":{"line":98,"column":35}},"26":{"start":{"line":102,"column":8},"end":{"line":104,"column":63}},"27":{"start":{"line":105,"column":8},"end":{"line":105,"column":14}},"28":{"start":{"line":112,"column":8},"end":{"line":121,"column":10},"skip":true},"29":{"start":{"line":119,"column":12},"end":{"line":119,"column":55},"skip":true},"30":{"start":{"line":120,"column":12},"end":{"line":120,"column":48},"skip":true},"31":{"start":{"line":123,"column":8},"end":{"line":136,"column":10},"skip":true},"32":{"start":{"line":130,"column":12},"end":{"line":130,"column":76},"skip":true},"33":{"start":{"line":131,"column":12},"end":{"line":131,"column":73},"skip":true},"34":{"start":{"line":132,"column":12},"end":{"line":132,"column":74},"skip":true},"35":{"start":{"line":133,"column":12},"end":{"line":133,"column":79},"skip":true},"36":{"start":{"line":134,"column":12},"end":{"line":134,"column":25},"skip":true},"37":{"start":{"line":135,"column":12},"end":{"line":135,"column":45},"skip":true},"38":{"start":{"line":138,"column":8},"end":{"line":145,"column":14},"skip":true},"39":{"start":{"line":143,"column":16},"end":{"line":143,"column":29},"skip":true},"40":{"start":{"line":144,"column":16},"end":{"line":144,"column":55},"skip":true},"41":{"start":{"line":147,"column":8},"end":{"line":156,"column":10},"skip":true},"42":{"start":{"line":154,"column":12},"end":{"line":154,"column":25},"skip":true},"43":{"start":{"line":155,"column":12},"end":{"line":155,"column":45},"skip":true},"44":{"start":{"line":158,"column":8},"end":{"line":167,"column":10},"skip":true},"45":{"start":{"line":165,"column":12},"end":{"line":165,"column":25},"skip":true},"46":{"start":{"line":166,"column":12},"end":{"line":166,"column":48},"skip":true},"47":{"start":{"line":169,"column":8},"end":{"line":178,"column":10},"skip":true},"48":{"start":{"line":176,"column":12},"end":{"line":176,"column":25},"skip":true},"49":{"start":{"line":177,"column":12},"end":{"line":177,"column":46},"skip":true},"50":{"start":{"line":180,"column":8},"end":{"line":189,"column":10},"skip":true},"51":{"start":{"line":187,"column":12},"end":{"line":187,"column":94},"skip":true},"52":{"start":{"line":188,"column":12},"end":{"line":188,"column":48},"skip":true},"53":{"start":{"line":192,"column":8},"end":{"line":192,"column":35},"skip":true},"54":{"start":{"line":193,"column":8},"end":{"line":193,"column":14},"skip":true}},"branchMap":{"1":{"line":25,"type":"binary-expr","locations":[{"start":{"line":25,"column":23},"end":{"line":25,"column":62}},{"start":{"line":26,"column":20},"end":{"line":26,"column":70}},{"start":{"line":27,"column":20},"end":{"line":27,"column":71}},{"start":{"line":28,"column":20},"end":{"line":28,"column":29}}]},"2":{"line":30,"type":"binary-expr","locations":[{"start":{"line":30,"column":23},"end":{"line":30,"column":37}},{"start":{"line":31,"column":20},"end":{"line":31,"column":61}},{"start":{"line":32,"column":20},"end":{"line":32,"column":70}},{"start":{"line":33,"column":20},"end":{"line":33,"column":26}}]},"3":{"line":37,"type":"cond-expr","locations":[{"start":{"line":38,"column":14},"end":{"line":38,"column":20}},{"start":{"line":39,"column":14},"end":{"line":39,"column":20}}]},"4":{"line":40,"type":"switch","locations":[{"start":{"line":42,"column":8},"end":{"line":47,"column":18}},{"start":{"line":49,"column":8},"end":{"line":52,"column":18}}]},"5":{"line":44,"type":"binary-expr","locations":[{"start":{"line":44,"column":16},"end":{"line":44,"column":44}},{"start":{"line":44,"column":48},"end":{"line":44,"column":66}}]},"6":{"line":50,"type":"binary-expr","locations":[{"start":{"line":50,"column":21},"end":{"line":50,"column":49}},{"start":{"line":50,"column":53},"end":{"line":50,"column":72}}]},"7":{"line":64,"type":"switch","locations":[{"start":{"line":69,"column":4},"end":{"line":70,"column":14}},{"start":{"line":75,"column":4},"end":{"line":76,"column":14}}]},"8":{"line":85,"type":"switch","locations":[{"start":{"line":90,"column":4},"end":{"line":105,"column":14}},{"start":{"line":111,"column":4},"end":{"line":193,"column":14},"skip":true}]},"9":{"line":91,"type":"binary-expr","locations":[{"start":{"line":91,"column":42},"end":{"line":91,"column":73}},{"start":{"line":91,"column":77},"end":{"line":99,"column":9}}]},"10":{"line":102,"type":"binary-expr","locations":[{"start":{"line":102,"column":18},"end":{"line":102,"column":32}},{"start":{"line":103,"column":12},"end":{"line":103,"column":53}},{"start":{"line":104,"column":12},"end":{"line":104,"column":61}}]},"11":{"line":112,"type":"binary-expr","locations":[{"start":{"line":112,"column":45},"end":{"line":112,"column":79},"skip":true},{"start":{"line":112,"column":83},"end":{"line":121,"column":9},"skip":true}]},"12":{"line":123,"type":"binary-expr","locations":[{"start":{"line":123,"column":42},"end":{"line":123,"column":73},"skip":true},{"start":{"line":123,"column":77},"end":{"line":136,"column":9},"skip":true}]},"13":{"line":138,"type":"binary-expr","locations":[{"start":{"line":138,"column":48},"end":{"line":138,"column":85},"skip":true},{"start":{"line":139,"column":12},"end":{"line":145,"column":13},"skip":true}]},"14":{"line":147,"type":"binary-expr","locations":[{"start":{"line":147,"column":42},"end":{"line":147,"column":73},"skip":true},{"start":{"line":147,"column":77},"end":{"line":156,"column":9},"skip":true}]},"15":{"line":158,"type":"binary-expr","locations":[{"start":{"line":158,"column":45},"end":{"line":158,"column":79},"skip":true},{"start":{"line":158,"column":83},"end":{"line":167,"column":9},"skip":true}]},"16":{"line":169,"type":"binary-expr","locations":[{"start":{"line":169,"column":43},"end":{"line":169,"column":75},"skip":true},{"start":{"line":169,"column":79},"end":{"line":178,"column":9},"skip":true}]},"17":{"line":180,"type":"binary-expr","locations":[{"start":{"line":180,"column":41},"end":{"line":180,"column":71},"skip":true},{"start":{"line":180,"column":75},"end":{"line":189,"column":9},"skip":true}]}},"code":["/* istanbul instrument in package npmtest_csslint */","/*jslint","    bitwise: true,","    browser: true,","    maxerr: 8,","    maxlen: 96,","    node: true,","    nomen: true,","    regexp: true,","    stupid: true","*/","(function () {","    'use strict';","    var local;","","","","    // run shared js-env code - pre-init","    (function () {","        // init local","        local = {};","        // init modeJs","        local.modeJs = (function () {","            try {","                return typeof navigator.userAgent === 'string' &&","                    typeof document.querySelector('body') === 'object' &&","                    typeof XMLHttpRequest.prototype.open === 'function' &&","                    'browser';","            } catch (errorCaughtBrowser) {","                return module.exports &&","                    typeof process.versions.node === 'string' &&","                    typeof require('http').createServer === 'function' &&","                    'node';","            }","        }());","        // init global","        local.global = local.modeJs === 'browser'","            ? window","            : global;","        switch (local.modeJs) {","        // re-init local from window.local","        case 'browser':","            local = local.global.utility2.objectSetDefault(","                local.global.utility2_rollup || local.global.local,","                local.global.utility2","            );","            break;","        // re-init local from example.js","        case 'node':","            local = (local.global.utility2_rollup || require('utility2'))","                .requireExampleJsFromReadme();","            break;","        }","        // export local","        local.global.local = local;","    }());","","","","    // run shared js-env code - function","    (function () {","        return;","    }());","    switch (local.modeJs) {","","","","    // run browser js-env code - function","    case 'browser':","        break;","","","","    // run node js-env code - function","    case 'node':","        break;","    }","","","","    // run shared js-env code - post-init","    (function () {","        return;","    }());","    switch (local.modeJs) {","","","","    // run browser js-env code - post-init","    case 'browser':","        local.testCase_browser_nullCase = local.testCase_browser_nullCase || function (","            options,","            onError","        ) {","        /*","         * this function will test browsers's null-case handling-behavior-behavior","         */","            onError(null, options);","        };","","        // run tests","        local.nop(local.modeTest &&","            document.querySelector('#testRunButton1') &&","            document.querySelector('#testRunButton1').click());","        break;","","","","    // run node js-env code - post-init","    /* istanbul ignore next */","    case 'node':","        local.testCase_buildApidoc_default = local.testCase_buildApidoc_default || function (","            options,","            onError","        ) {","        /*","         * this function will test buildApidoc's default handling-behavior-behavior","         */","            options = { modulePathList: module.paths };","            local.buildApidoc(options, onError);","        };","","        local.testCase_buildApp_default = local.testCase_buildApp_default || function (","            options,","            onError","        ) {","        /*","         * this function will test buildApp's default handling-behavior-behavior","         */","            local.testCase_buildReadme_default(options, local.onErrorThrow);","            local.testCase_buildLib_default(options, local.onErrorThrow);","            local.testCase_buildTest_default(options, local.onErrorThrow);","            local.testCase_buildCustomOrg_default(options, local.onErrorThrow);","            options = [];","            local.buildApp(options, onError);","        };","","        local.testCase_buildCustomOrg_default = local.testCase_buildCustomOrg_default ||","            function (options, onError) {","            /*","             * this function will test buildCustomOrg's default handling-behavior","             */","                options = {};","                local.buildCustomOrg(options, onError);","            };","","        local.testCase_buildLib_default = local.testCase_buildLib_default || function (","            options,","            onError","        ) {","        /*","         * this function will test buildLib's default handling-behavior","         */","            options = {};","            local.buildLib(options, onError);","        };","","        local.testCase_buildReadme_default = local.testCase_buildReadme_default || function (","            options,","            onError","        ) {","        /*","         * this function will test buildReadme's default handling-behavior-behavior","         */","            options = {};","            local.buildReadme(options, onError);","        };","","        local.testCase_buildTest_default = local.testCase_buildTest_default || function (","            options,","            onError","        ) {","        /*","         * this function will test buildTest's default handling-behavior","         */","            options = {};","            local.buildTest(options, onError);","        };","","        local.testCase_webpage_default = local.testCase_webpage_default || function (","            options,","            onError","        ) {","        /*","         * this function will test webpage's default handling-behavior","         */","            options = { modeCoverageMerge: true, url: local.serverLocalHost + '?modeTest=1' };","            local.browserTest(options, onError);","        };","","        // run test-server","        local.testRunServer(local);","        break;","    }","}());",""],"l":{"12":2,"14":2,"19":2,"21":2,"23":2,"24":2,"25":2,"30":1,"37":2,"40":2,"43":1,"47":1,"50":1,"52":1,"55":2,"61":2,"62":2,"64":2,"70":1,"76":1,"82":2,"83":2,"85":2,"91":1,"98":1,"102":1,"105":1,"112":1,"119":1,"120":1,"123":1,"130":1,"131":1,"132":1,"133":1,"134":1,"135":1,"138":1,"143":2,"144":2,"147":1,"154":2,"155":2,"158":1,"165":2,"166":2,"169":1,"176":2,"177":2,"180":1,"187":1,"188":1,"192":1,"193":1}},"/home/travis/build/npmtest/node-npmtest-csslint/lib.npmtest_csslint.js":{"path":"/home/travis/build/npmtest/node-npmtest-csslint/lib.npmtest_csslint.js","s":{"1":2,"2":2,"3":2,"4":2,"5":2,"6":2,"7":2,"8":1,"9":2,"10":2,"11":2,"12":2,"13":1,"14":1,"15":1,"16":1},"b":{"1":[2,1,1,1],"2":[1,1,1,1],"3":[1,1],"4":[2,2],"5":[1,1]},"f":{"1":2,"2":2,"3":2},"fnMap":{"1":{"name":"(anonymous_1)","line":12,"loc":{"start":{"line":12,"column":1},"end":{"line":12,"column":13}}},"2":{"name":"(anonymous_2)","line":19,"loc":{"start":{"line":19,"column":5},"end":{"line":19,"column":17}}},"3":{"name":"(anonymous_3)","line":23,"loc":{"start":{"line":23,"column":24},"end":{"line":23,"column":36}}}},"statementMap":{"1":{"start":{"line":12,"column":0},"end":{"line":53,"column":5}},"2":{"start":{"line":14,"column":4},"end":{"line":14,"column":14}},"3":{"start":{"line":19,"column":4},"end":{"line":52,"column":9}},"4":{"start":{"line":21,"column":8},"end":{"line":21,"column":19}},"5":{"start":{"line":23,"column":8},"end":{"line":35,"column":13}},"6":{"start":{"line":24,"column":12},"end":{"line":34,"column":13}},"7":{"start":{"line":25,"column":16},"end":{"line":28,"column":30}},"8":{"start":{"line":30,"column":16},"end":{"line":33,"column":27}},"9":{"start":{"line":37,"column":8},"end":{"line":39,"column":21}},"10":{"start":{"line":41,"column":8},"end":{"line":41,"column":54}},"11":{"start":{"line":43,"column":8},"end":{"line":43,"column":52}},"12":{"start":{"line":45,"column":8},"end":{"line":51,"column":9}},"13":{"start":{"line":46,"column":12},"end":{"line":46,"column":58}},"14":{"start":{"line":48,"column":12},"end":{"line":48,"column":35}},"15":{"start":{"line":49,"column":12},"end":{"line":49,"column":49}},"16":{"start":{"line":50,"column":12},"end":{"line":50,"column":43}}},"branchMap":{"1":{"line":25,"type":"binary-expr","locations":[{"start":{"line":25,"column":23},"end":{"line":25,"column":62}},{"start":{"line":26,"column":20},"end":{"line":26,"column":70}},{"start":{"line":27,"column":20},"end":{"line":27,"column":71}},{"start":{"line":28,"column":20},"end":{"line":28,"column":29}}]},"2":{"line":30,"type":"binary-expr","locations":[{"start":{"line":30,"column":23},"end":{"line":30,"column":37}},{"start":{"line":31,"column":20},"end":{"line":31,"column":61}},{"start":{"line":32,"column":20},"end":{"line":32,"column":70}},{"start":{"line":33,"column":20},"end":{"line":33,"column":26}}]},"3":{"line":37,"type":"cond-expr","locations":[{"start":{"line":38,"column":14},"end":{"line":38,"column":20}},{"start":{"line":39,"column":14},"end":{"line":39,"column":20}}]},"4":{"line":41,"type":"binary-expr","locations":[{"start":{"line":41,"column":16},"end":{"line":41,"column":44}},{"start":{"line":41,"column":48},"end":{"line":41,"column":53}}]},"5":{"line":45,"type":"if","locations":[{"start":{"line":45,"column":8},"end":{"line":45,"column":8}},{"start":{"line":45,"column":8},"end":{"line":45,"column":8}}]}},"code":["/* istanbul instrument in package npmtest_csslint */","/*jslint","    bitwise: true,","    browser: true,","    maxerr: 8,","    maxlen: 96,","    node: true,","    nomen: true,","    regexp: true,","    stupid: true","*/","(function () {","    'use strict';","    var local;","","","","    // run shared js-env code - pre-init","    (function () {","        // init local","        local = {};","        // init modeJs","        local.modeJs = (function () {","            try {","                return typeof navigator.userAgent === 'string' &&","                    typeof document.querySelector('body') === 'object' &&","                    typeof XMLHttpRequest.prototype.open === 'function' &&","                    'browser';","            } catch (errorCaughtBrowser) {","                return module.exports &&","                    typeof process.versions.node === 'string' &&","                    typeof require('http').createServer === 'function' &&","                    'node';","            }","        }());","        // init global","        local.global = local.modeJs === 'browser'","            ? window","            : global;","        // init utility2_rollup","        local = local.global.utility2_rollup || local;","        // init lib","        local.local = local.npmtest_csslint = local;","        // init exports","        if (local.modeJs === 'browser') {","            local.global.utility2_npmtest_csslint = local;","        } else {","            module.exports = local;","            module.exports.__dirname = __dirname;","            module.exports.module = module;","        }","    }());","}());",""],"l":{"12":2,"14":2,"19":2,"21":2,"23":2,"24":2,"25":2,"30":1,"37":2,"41":2,"43":2,"45":2,"46":1,"48":1,"49":1,"50":1}},"/home/travis/build/npmtest/node-npmtest-csslint/example.js":{"path":"/home/travis/build/npmtest/node-npmtest-csslint/example.js","s":{"1":2,"2":2,"3":2,"4":2,"5":2,"6":2,"7":2,"8":1,"9":2,"10":2,"11":2,"12":2,"13":1,"14":2,"15":2,"16":2,"17":2,"18":2,"19":0,"20":2,"21":1,"22":1,"23":1,"24":1,"25":1,"26":0,"27":0,"28":1,"29":1,"30":2,"31":0,"32":0,"33":0,"34":1,"35":2,"36":2,"37":3,"38":3,"39":3,"40":3,"41":0,"42":3,"43":3,"44":3,"45":1,"46":3,"47":1,"48":1,"49":1,"50":1,"51":1,"52":1,"53":1,"54":1,"55":1,"56":1,"57":0,"58":1,"59":6,"60":6,"61":1,"62":2,"63":0,"64":2,"65":1,"66":1,"67":0,"68":0,"69":0,"70":0,"71":0,"72":0,"73":0,"74":0,"75":0,"76":0,"77":0,"78":0,"79":0,"80":0,"81":0,"82":0,"83":0},"b":{"1":[2,1,1,1],"2":[1,1,1,1],"3":[1,1],"4":[2,2],"5":[1,1],"6":[1,1],"7":[2,0],"8":[2,1,1,1,1,1],"9":[0,2,0],"10":[1,1],"11":[2,1,1],"12":[1,0],"13":[0,2],"14":[2,0,0,0,0,0,0],"15":[0,3],"16":[3,0],"17":[1,1],"18":[0,1],"19":[1,2,0,2],"20":[1,0],"21":[1,1],"22":[0,0],"23":[0,0],"24":[0,0],"25":[0,0],"26":[0,0],"27":[0,0],"28":[0,0]},"f":{"1":2,"2":2,"3":2,"4":2,"5":2,"6":2,"7":3,"8":3,"9":3,"10":1,"11":6,"12":0},"fnMap":{"1":{"name":"(anonymous_1)","line":26,"loc":{"start":{"line":26,"column":1},"end":{"line":26,"column":13}}},"2":{"name":"(anonymous_2)","line":33,"loc":{"start":{"line":33,"column":5},"end":{"line":33,"column":17}}},"3":{"name":"(anonymous_3)","line":37,"loc":{"start":{"line":37,"column":24},"end":{"line":37,"column":36}}},"4":{"name":"(anonymous_4)","line":69,"loc":{"start":{"line":69,"column":31},"end":{"line":69,"column":48}},"skip":true},"5":{"name":"(anonymous_5)","line":78,"loc":{"start":{"line":78,"column":26},"end":{"line":78,"column":45}},"skip":true},"6":{"name":"(anonymous_6)","line":123,"loc":{"start":{"line":123,"column":33},"end":{"line":123,"column":48}},"skip":true},"7":{"name":"(anonymous_7)","line":125,"loc":{"start":{"line":125,"column":27},"end":{"line":125,"column":39}},"skip":true},"8":{"name":"(anonymous_8)","line":133,"loc":{"start":{"line":133,"column":59},"end":{"line":133,"column":74}},"skip":true},"9":{"name":"(anonymous_9)","line":143,"loc":{"start":{"line":143,"column":45},"end":{"line":143,"column":62}},"skip":true},"10":{"name":"(anonymous_10)","line":144,"loc":{"start":{"line":144,"column":73},"end":{"line":144,"column":92}},"skip":true},"11":{"name":"(anonymous_11)","line":272,"loc":{"start":{"line":272,"column":51},"end":{"line":272,"column":77}},"skip":true},"12":{"name":"(anonymous_12)","line":315,"loc":{"start":{"line":315,"column":32},"end":{"line":315,"column":61}},"skip":true}},"statementMap":{"1":{"start":{"line":26,"column":0},"end":{"line":326,"column":5}},"2":{"start":{"line":28,"column":4},"end":{"line":28,"column":14}},"3":{"start":{"line":33,"column":4},"end":{"line":60,"column":9}},"4":{"start":{"line":35,"column":8},"end":{"line":35,"column":19}},"5":{"start":{"line":37,"column":8},"end":{"line":49,"column":13}},"6":{"start":{"line":38,"column":12},"end":{"line":48,"column":13}},"7":{"start":{"line":39,"column":16},"end":{"line":42,"column":30}},"8":{"start":{"line":44,"column":16},"end":{"line":47,"column":27}},"9":{"start":{"line":51,"column":8},"end":{"line":53,"column":21}},"10":{"start":{"line":55,"column":8},"end":{"line":57,"column":45}},"11":{"start":{"line":59,"column":8},"end":{"line":59,"column":35}},"12":{"start":{"line":61,"column":4},"end":{"line":325,"column":5}},"13":{"start":{"line":69,"column":8},"end":{"line":121,"column":10},"skip":true},"14":{"start":{"line":70,"column":12},"end":{"line":88,"column":13},"skip":true},"15":{"start":{"line":76,"column":16},"end":{"line":87,"column":19},"skip":true},"16":{"start":{"line":79,"column":20},"end":{"line":86,"column":21},"skip":true},"17":{"start":{"line":82,"column":24},"end":{"line":82,"column":43},"skip":true},"18":{"start":{"line":83,"column":24},"end":{"line":83,"column":30},"skip":true},"19":{"start":{"line":85,"column":24},"end":{"line":85,"column":49},"skip":true},"20":{"start":{"line":89,"column":12},"end":{"line":107,"column":13},"skip":true},"21":{"start":{"line":92,"column":16},"end":{"line":102,"column":17},"skip":true},"22":{"start":{"line":93,"column":20},"end":{"line":93,"column":86},"skip":true},"23":{"start":{"line":94,"column":20},"end":{"line":95,"column":45},"skip":true},"24":{"start":{"line":96,"column":20},"end":{"line":96,"column":42},"skip":true},"25":{"start":{"line":97,"column":20},"end":{"line":97,"column":48},"skip":true},"26":{"start":{"line":100,"column":20},"end":{"line":100,"column":85},"skip":true},"27":{"start":{"line":101,"column":20},"end":{"line":101,"column":96},"skip":true},"28":{"start":{"line":103,"column":16},"end":{"line":103,"column":22},"skip":true},"29":{"start":{"line":106,"column":16},"end":{"line":106,"column":22},"skip":true},"30":{"start":{"line":108,"column":12},"end":{"line":120,"column":13},"skip":true},"31":{"start":{"line":114,"column":16},"end":{"line":119,"column":17},"skip":true},"32":{"start":{"line":116,"column":20},"end":{"line":116,"column":78},"skip":true},"33":{"start":{"line":118,"column":20},"end":{"line":118,"column":47},"skip":true},"34":{"start":{"line":123,"column":8},"end":{"line":141,"column":11},"skip":true},"35":{"start":{"line":124,"column":12},"end":{"line":124,"column":54},"skip":true},"36":{"start":{"line":125,"column":12},"end":{"line":140,"column":14},"skip":true},"37":{"start":{"line":126,"column":16},"end":{"line":126,"column":28},"skip":true},"38":{"start":{"line":127,"column":16},"end":{"line":127,"column":69},"skip":true},"39":{"start":{"line":128,"column":16},"end":{"line":128,"column":75},"skip":true},"40":{"start":{"line":129,"column":16},"end":{"line":131,"column":17},"skip":true},"41":{"start":{"line":130,"column":20},"end":{"line":130,"column":27},"skip":true},"42":{"start":{"line":133,"column":16},"end":{"line":137,"column":36},"skip":true},"43":{"start":{"line":134,"column":20},"end":{"line":136,"column":55},"skip":true},"44":{"start":{"line":139,"column":16},"end":{"line":139,"column":57},"skip":true},"45":{"start":{"line":143,"column":8},"end":{"line":147,"column":11},"skip":true},"46":{"start":{"line":144,"column":12},"end":{"line":146,"column":15},"skip":true},"47":{"start":{"line":145,"column":16},"end":{"line":145,"column":70},"skip":true},"48":{"start":{"line":149,"column":8},"end":{"line":149,"column":31},"skip":true},"49":{"start":{"line":150,"column":8},"end":{"line":150,"column":14},"skip":true},"50":{"start":{"line":158,"column":8},"end":{"line":158,"column":31},"skip":true},"51":{"start":{"line":160,"column":8},"end":{"line":160,"column":33},"skip":true},"52":{"start":{"line":161,"column":8},"end":{"line":161,"column":37},"skip":true},"53":{"start":{"line":162,"column":8},"end":{"line":162,"column":35},"skip":true},"54":{"start":{"line":164,"column":8},"end":{"line":164,"column":50},"skip":true},"55":{"start":{"line":166,"column":8},"end":{"line":256,"column":2},"skip":true},"56":{"start":{"line":258,"column":8},"end":{"line":286,"column":9},"skip":true},"57":{"start":{"line":259,"column":12},"end":{"line":269,"column":14},"skip":true},"58":{"start":{"line":271,"column":12},"end":{"line":285,"column":19},"skip":true},"59":{"start":{"line":274,"column":20},"end":{"line":274,"column":35},"skip":true},"60":{"start":{"line":275,"column":20},"end":{"line":284,"column":21},"skip":true},"61":{"start":{"line":277,"column":24},"end":{"line":277,"column":64},"skip":true},"62":{"start":{"line":279,"column":24},"end":{"line":279,"column":40},"skip":true},"63":{"start":{"line":281,"column":24},"end":{"line":281,"column":40},"skip":true},"64":{"start":{"line":283,"column":24},"end":{"line":283,"column":39},"skip":true},"65":{"start":{"line":288,"column":8},"end":{"line":290,"column":9},"skip":true},"66":{"start":{"line":289,"column":12},"end":{"line":289,"column":18},"skip":true},"67":{"start":{"line":291,"column":8},"end":{"line":293,"column":54},"skip":true},"68":{"start":{"line":296,"column":8},"end":{"line":301,"column":37},"skip":true},"69":{"start":{"line":303,"column":8},"end":{"line":303,"column":82},"skip":true},"70":{"start":{"line":306,"column":8},"end":{"line":308,"column":9},"skip":true},"71":{"start":{"line":307,"column":12},"end":{"line":307,"column":82},"skip":true},"72":{"start":{"line":310,"column":8},"end":{"line":312,"column":9},"skip":true},"73":{"start":{"line":311,"column":12},"end":{"line":311,"column":18},"skip":true},"74":{"start":{"line":313,"column":8},"end":{"line":313,"column":54},"skip":true},"75":{"start":{"line":314,"column":8},"end":{"line":314,"column":69},"skip":true},"76":{"start":{"line":315,"column":8},"end":{"line":323,"column":36},"skip":true},"77":{"start":{"line":316,"column":12},"end":{"line":316,"column":61},"skip":true},"78":{"start":{"line":317,"column":12},"end":{"line":320,"column":13},"skip":true},"79":{"start":{"line":318,"column":16},"end":{"line":318,"column":75},"skip":true},"80":{"start":{"line":319,"column":16},"end":{"line":319,"column":23},"skip":true},"81":{"start":{"line":321,"column":12},"end":{"line":321,"column":38},"skip":true},"82":{"start":{"line":322,"column":12},"end":{"line":322,"column":27},"skip":true},"83":{"start":{"line":324,"column":8},"end":{"line":324,"column":14},"skip":true}},"branchMap":{"1":{"line":39,"type":"binary-expr","locations":[{"start":{"line":39,"column":23},"end":{"line":39,"column":62}},{"start":{"line":40,"column":20},"end":{"line":40,"column":70}},{"start":{"line":41,"column":20},"end":{"line":41,"column":71}},{"start":{"line":42,"column":20},"end":{"line":42,"column":29}}]},"2":{"line":44,"type":"binary-expr","locations":[{"start":{"line":44,"column":23},"end":{"line":44,"column":37}},{"start":{"line":45,"column":20},"end":{"line":45,"column":61}},{"start":{"line":46,"column":20},"end":{"line":46,"column":70}},{"start":{"line":47,"column":20},"end":{"line":47,"column":26}}]},"3":{"line":51,"type":"cond-expr","locations":[{"start":{"line":52,"column":14},"end":{"line":52,"column":20}},{"start":{"line":53,"column":14},"end":{"line":53,"column":20}}]},"4":{"line":55,"type":"binary-expr","locations":[{"start":{"line":55,"column":16},"end":{"line":55,"column":44}},{"start":{"line":55,"column":49},"end":{"line":57,"column":43}}]},"5":{"line":55,"type":"cond-expr","locations":[{"start":{"line":56,"column":14},"end":{"line":56,"column":51}},{"start":{"line":57,"column":14},"end":{"line":57,"column":43}}]},"6":{"line":61,"type":"switch","locations":[{"start":{"line":68,"column":4},"end":{"line":150,"column":14},"skip":true},{"start":{"line":156,"column":4},"end":{"line":324,"column":14},"skip":true}]},"7":{"line":70,"type":"if","locations":[{"start":{"line":70,"column":12},"end":{"line":70,"column":12},"skip":true},{"start":{"line":70,"column":12},"end":{"line":70,"column":12},"skip":true}]},"8":{"line":70,"type":"binary-expr","locations":[{"start":{"line":70,"column":16},"end":{"line":70,"column":22},"skip":true},{"start":{"line":70,"column":27},"end":{"line":70,"column":32},"skip":true},{"start":{"line":71,"column":20},"end":{"line":71,"column":39},"skip":true},{"start":{"line":72,"column":20},"end":{"line":72,"column":49},"skip":true},{"start":{"line":73,"column":20},"end":{"line":73,"column":58},"skip":true},{"start":{"line":74,"column":20},"end":{"line":74,"column":69},"skip":true}]},"9":{"line":79,"type":"switch","locations":[{"start":{"line":80,"column":20},"end":{"line":80,"column":33},"skip":true},{"start":{"line":81,"column":20},"end":{"line":83,"column":30},"skip":true},{"start":{"line":84,"column":20},"end":{"line":85,"column":49},"skip":true}]},"10":{"line":89,"type":"switch","locations":[{"start":{"line":90,"column":12},"end":{"line":103,"column":22},"skip":true},{"start":{"line":105,"column":12},"end":{"line":106,"column":22},"skip":true}]},"11":{"line":89,"type":"binary-expr","locations":[{"start":{"line":89,"column":20},"end":{"line":89,"column":25},"skip":true},{"start":{"line":89,"column":29},"end":{"line":89,"column":48},"skip":true},{"start":{"line":89,"column":52},"end":{"line":89,"column":74},"skip":true}]},"12":{"line":92,"type":"if","locations":[{"start":{"line":92,"column":16},"end":{"line":92,"column":16},"skip":true},{"start":{"line":92,"column":16},"end":{"line":92,"column":16},"skip":true}]},"13":{"line":108,"type":"if","locations":[{"start":{"line":108,"column":12},"end":{"line":108,"column":12},"skip":true},{"start":{"line":108,"column":12},"end":{"line":108,"column":12},"skip":true}]},"14":{"line":108,"type":"binary-expr","locations":[{"start":{"line":108,"column":16},"end":{"line":108,"column":61},"skip":true},{"start":{"line":108,"column":66},"end":{"line":108,"column":72},"skip":true},{"start":{"line":108,"column":77},"end":{"line":108,"column":82},"skip":true},{"start":{"line":109,"column":20},"end":{"line":109,"column":39},"skip":true},{"start":{"line":110,"column":20},"end":{"line":110,"column":49},"skip":true},{"start":{"line":111,"column":20},"end":{"line":111,"column":58},"skip":true},{"start":{"line":112,"column":20},"end":{"line":112,"column":68},"skip":true}]},"15":{"line":129,"type":"if","locations":[{"start":{"line":129,"column":16},"end":{"line":129,"column":16},"skip":true},{"start":{"line":129,"column":16},"end":{"line":129,"column":16},"skip":true}]},"16":{"line":134,"type":"cond-expr","locations":[{"start":{"line":135,"column":26},"end":{"line":135,"column":29},"skip":true},{"start":{"line":136,"column":26},"end":{"line":136,"column":54},"skip":true}]},"17":{"line":164,"type":"binary-expr","locations":[{"start":{"line":164,"column":27},"end":{"line":164,"column":43},"skip":true},{"start":{"line":164,"column":47},"end":{"line":164,"column":49},"skip":true}]},"18":{"line":258,"type":"if","locations":[{"start":{"line":258,"column":8},"end":{"line":258,"column":8},"skip":true},{"start":{"line":258,"column":8},"end":{"line":258,"column":8},"skip":true}]},"19":{"line":275,"type":"switch","locations":[{"start":{"line":276,"column":20},"end":{"line":277,"column":64},"skip":true},{"start":{"line":278,"column":20},"end":{"line":279,"column":40},"skip":true},{"start":{"line":280,"column":20},"end":{"line":281,"column":40},"skip":true},{"start":{"line":282,"column":20},"end":{"line":283,"column":39},"skip":true}]},"20":{"line":288,"type":"if","locations":[{"start":{"line":288,"column":8},"end":{"line":288,"column":8},"skip":true},{"start":{"line":288,"column":8},"end":{"line":288,"column":8},"skip":true}]},"21":{"line":288,"type":"binary-expr","locations":[{"start":{"line":288,"column":12},"end":{"line":288,"column":40},"skip":true},{"start":{"line":288,"column":44},"end":{"line":288,"column":67},"skip":true}]},"22":{"line":292,"type":"binary-expr","locations":[{"start":{"line":292,"column":12},"end":{"line":292,"column":50},"skip":true},{"start":{"line":293,"column":12},"end":{"line":293,"column":53},"skip":true}]},"23":{"line":297,"type":"binary-expr","locations":[{"start":{"line":297,"column":12},"end":{"line":297,"column":65},"skip":true},{"start":{"line":298,"column":12},"end":{"line":301,"column":36},"skip":true}]},"24":{"line":303,"type":"binary-expr","locations":[{"start":{"line":303,"column":43},"end":{"line":303,"column":75},"skip":true},{"start":{"line":303,"column":79},"end":{"line":303,"column":81},"skip":true}]},"25":{"line":306,"type":"if","locations":[{"start":{"line":306,"column":8},"end":{"line":306,"column":8},"skip":true},{"start":{"line":306,"column":8},"end":{"line":306,"column":8},"skip":true}]},"26":{"line":310,"type":"if","locations":[{"start":{"line":310,"column":8},"end":{"line":310,"column":8},"skip":true},{"start":{"line":310,"column":8},"end":{"line":310,"column":8},"skip":true}]},"27":{"line":313,"type":"binary-expr","locations":[{"start":{"line":313,"column":27},"end":{"line":313,"column":43},"skip":true},{"start":{"line":313,"column":47},"end":{"line":313,"column":53},"skip":true}]},"28":{"line":317,"type":"if","locations":[{"start":{"line":317,"column":12},"end":{"line":317,"column":12},"skip":true},{"start":{"line":317,"column":12},"end":{"line":317,"column":12},"skip":true}]}},"code":["/*","example.js","","quickstart example","","instruction","    1. save this script as example.js","    2. run the shell command:","        $ npm install npmtest-csslint && PORT=8081 node example.js","    3. play with the browser-demo on http://127.0.0.1:8081","*/","","","","/* istanbul instrument in package npmtest_csslint */","/*jslint","    bitwise: true,","    browser: true,","    maxerr: 8,","    maxlen: 96,","    node: true,","    nomen: true,","    regexp: true,","    stupid: true","*/","(function () {","    'use strict';","    var local;","","","","    // run shared js-env code - pre-init","    (function () {","        // init local","        local = {};","        // init modeJs","        local.modeJs = (function () {","            try {","                return typeof navigator.userAgent === 'string' &&","                    typeof document.querySelector('body') === 'object' &&","                    typeof XMLHttpRequest.prototype.open === 'function' &&","                    'browser';","            } catch (errorCaughtBrowser) {","                return module.exports &&","                    typeof process.versions.node === 'string' &&","                    typeof require('http').createServer === 'function' &&","                    'node';","            }","        }());","        // init global","        local.global = local.modeJs === 'browser'","            ? window","            : global;","        // init utility2_rollup","        local = local.global.utility2_rollup || (local.modeJs === 'browser'","            ? local.global.utility2_npmtest_csslint","            : global.utility2_moduleExports);","        // export local","        local.global.local = local;","    }());","    switch (local.modeJs) {","","","","    // post-init","    // run browser js-env code - post-init","    /* istanbul ignore next */","    case 'browser':","        local.testRunBrowser = function (event) {","            if (!event || (event &&","                    event.currentTarget &&","                    event.currentTarget.className &&","                    event.currentTarget.className.includes &&","                    event.currentTarget.className.includes('onreset'))) {","                // reset output","                Array.from(","                    document.querySelectorAll('body > .resettable')","                ).forEach(function (element) {","                    switch (element.tagName) {","                    case 'INPUT':","                    case 'TEXTAREA':","                        element.value = '';","                        break;","                    default:","                        element.textContent = '';","                    }","                });","            }","            switch (event && event.currentTarget && event.currentTarget.id) {","            case 'testRunButton1':","                // show tests","                if (document.querySelector('#testReportDiv1').style.display === 'none') {","                    document.querySelector('#testReportDiv1').style.display = 'block';","                    document.querySelector('#testRunButton1').textContent =","                        'hide internal test';","                    local.modeTest = true;","                    local.testRunDefault(local);","                // hide tests","                } else {","                    document.querySelector('#testReportDiv1').style.display = 'none';","                    document.querySelector('#testRunButton1').textContent = 'run internal test';","                }","                break;","            // custom-case","            default:","                break;","            }","            if (document.querySelector('#inputTextareaEval1') && (!event || (event &&","                    event.currentTarget &&","                    event.currentTarget.className &&","                    event.currentTarget.className.includes &&","                    event.currentTarget.className.includes('oneval')))) {","                // try to eval input-code","                try {","                    /*jslint evil: true*/","                    eval(document.querySelector('#inputTextareaEval1').value);","                } catch (errorCaught) {","                    console.error(errorCaught);","                }","            }","        };","        // log stderr and stdout to #outputTextareaStdout1","        ['error', 'log'].forEach(function (key) {","            console[key + '_original'] = console[key];","            console[key] = function () {","                var element;","                console[key + '_original'].apply(console, arguments);","                element = document.querySelector('#outputTextareaStdout1');","                if (!element) {","                    return;","                }","                // append text to #outputTextareaStdout1","                element.value += Array.from(arguments).map(function (arg) {","                    return typeof arg === 'string'","                        ? arg","                        : JSON.stringify(arg, null, 4);","                }).join(' ') + '\\n';","                // scroll textarea to bottom","                element.scrollTop = element.scrollHeight;","            };","        });","        // init event-handling","        ['change', 'click', 'keyup'].forEach(function (event) {","            Array.from(document.querySelectorAll('.on' + event)).forEach(function (element) {","                element.addEventListener(event, local.testRunBrowser);","            });","        });","        // run tests","        local.testRunBrowser();","        break;","","","","    // run node js-env code - post-init","    /* istanbul ignore next */","    case 'node':","        // export local","        module.exports = local;","        // require modules","        local.fs = require('fs');","        local.http = require('http');","        local.url = require('url');","        // init assets","        local.assetsDict = local.assetsDict || {};","        /* jslint-ignore-begin */","        local.assetsDict['/assets.index.template.html'] = '\\","<!doctype html>\\n\\","<html lang=\"en\">\\n\\","<head>\\n\\","<meta charset=\"UTF-8\">\\n\\","<meta name=\"viewport\" content=\"width=device-width, initial-scale=1\">\\n\\","<title>{{env.npm_package_name}} (v{{env.npm_package_version}})</title>\\n\\","<style>\\n\\","/*csslint\\n\\","    box-sizing: false,\\n\\","    universal-selector: false\\n\\","*/\\n\\","* {\\n\\","    box-sizing: border-box;\\n\\","}\\n\\","body {\\n\\","    background: #dde;\\n\\","    font-family: Arial, Helvetica, sans-serif;\\n\\","    margin: 2rem;\\n\\","}\\n\\","body > * {\\n\\","    margin-bottom: 1rem;\\n\\","}\\n\\",".utility2FooterDiv {\\n\\","    margin-top: 20px;\\n\\","    text-align: center;\\n\\","}\\n\\","</style>\\n\\","<style>\\n\\","/*csslint\\n\\","*/\\n\\","textarea {\\n\\","    font-family: monospace;\\n\\","    height: 10rem;\\n\\","    width: 100%;\\n\\","}\\n\\","textarea[readonly] {\\n\\","    background: #ddd;\\n\\","}\\n\\","</style>\\n\\","</head>\\n\\","<body>\\n\\","<!-- utility2-comment\\n\\","<div id=\"ajaxProgressDiv1\" style=\"background: #d00; height: 2px; left: 0; margin: 0; padding: 0; position: fixed; top: 0; transition: background 0.5s, width 1.5s; width: 25%;\"></div>\\n\\","utility2-comment -->\\n\\","<h1>\\n\\","<!-- utility2-comment\\n\\","    <a\\n\\","        {{#if env.npm_package_homepage}}\\n\\","        href=\"{{env.npm_package_homepage}}\"\\n\\","        {{/if env.npm_package_homepage}}\\n\\","        target=\"_blank\"\\n\\","    >\\n\\","utility2-comment -->\\n\\","        {{env.npm_package_name}} (v{{env.npm_package_version}})\\n\\","<!-- utility2-comment\\n\\","    </a>\\n\\","utility2-comment -->\\n\\","</h1>\\n\\","<h3>{{env.npm_package_description}}</h3>\\n\\","<!-- utility2-comment\\n\\","<h4><a download href=\"assets.app.js\">download standalone app</a></h4>\\n\\","<button class=\"onclick onreset\" id=\"testRunButton1\">run internal test</button><br>\\n\\","<div id=\"testReportDiv1\" style=\"display: none;\"></div>\\n\\","utility2-comment -->\\n\\","\\n\\","\\n\\","\\n\\","<label>stderr and stdout</label>\\n\\","<textarea class=\"resettable\" id=\"outputTextareaStdout1\" readonly></textarea>\\n\\","<!-- utility2-comment\\n\\","{{#if isRollup}}\\n\\","<script src=\"assets.app.js\"></script>\\n\\","{{#unless isRollup}}\\n\\","utility2-comment -->\\n\\","<script src=\"assets.utility2.rollup.js\"></script>\\n\\","<script src=\"jsonp.utility2._stateInit?callback=window.utility2._stateInit\"></script>\\n\\","<script src=\"assets.npmtest_csslint.rollup.js\"></script>\\n\\","<script src=\"assets.example.js\"></script>\\n\\","<script src=\"assets.test.js\"></script>\\n\\","<!-- utility2-comment\\n\\","{{/if isRollup}}\\n\\","utility2-comment -->\\n\\","<div class=\"utility2FooterDiv\">\\n\\","    [ this app was created with\\n\\","    <a href=\"https://github.com/kaizhu256/node-utility2\" target=\"_blank\">utility2</a>\\n\\","    ]\\n\\","</div>\\n\\","</body>\\n\\","</html>\\n\\","';","        /* jslint-ignore-end */","        if (local.templateRender) {","            local.assetsDict['/'] = local.templateRender(","                local.assetsDict['/assets.index.template.html'],","                {","                    env: local.objectSetDefault(local.env, {","                        npm_package_description: 'the greatest app in the world!',","                        npm_package_name: 'my-app',","                        npm_package_nameAlias: 'my_app',","                        npm_package_version: '0.0.1'","                    })","                }","            );","        } else {","            local.assetsDict['/'] = local.assetsDict['/assets.index.template.html']","                .replace((/\\{\\{env\\.(\\w+?)\\}\\}/g), function (match0, match1) {","                    // jslint-hack","                    String(match0);","                    switch (match1) {","                    case 'npm_package_description':","                        return 'the greatest app in the world!';","                    case 'npm_package_name':","                        return 'my-app';","                    case 'npm_package_nameAlias':","                        return 'my_app';","                    case 'npm_package_version':","                        return '0.0.1';","                    }","                });","        }","        // run the cli","        if (local.global.utility2_rollup || module !== require.main) {","            break;","        }","        local.assetsDict['/assets.example.js'] =","            local.assetsDict['/assets.example.js'] ||","            local.fs.readFileSync(__filename, 'utf8');","        // bug-workaround - long $npm_package_buildCustomOrg","        /* jslint-ignore-begin */","        local.assetsDict['/assets.npmtest_csslint.rollup.js'] =","            local.assetsDict['/assets.npmtest_csslint.rollup.js'] ||","            local.fs.readFileSync(","                local.npmtest_csslint.__dirname + '/lib.npmtest_csslint.js',","                'utf8'","            ).replace((/^#!/), '//');","        /* jslint-ignore-end */","        local.assetsDict['/favicon.ico'] = local.assetsDict['/favicon.ico'] || '';","        // if $npm_config_timeout_exit exists,","        // then exit this process after $npm_config_timeout_exit ms","        if (Number(process.env.npm_config_timeout_exit)) {","            setTimeout(process.exit, Number(process.env.npm_config_timeout_exit));","        }","        // start server","        if (local.global.utility2_serverHttp1) {","            break;","        }","        process.env.PORT = process.env.PORT || '8081';","        console.error('server starting on port ' + process.env.PORT);","        local.http.createServer(function (request, response) {","            request.urlParsed = local.url.parse(request.url);","            if (local.assetsDict[request.urlParsed.pathname] !== undefined) {","                response.end(local.assetsDict[request.urlParsed.pathname]);","                return;","            }","            response.statusCode = 404;","            response.end();","        }).listen(process.env.PORT);","        break;","    }","}());",""],"l":{"26":2,"28":2,"33":2,"35":2,"37":2,"38":2,"39":2,"44":1,"51":2,"55":2,"59":2,"61":2,"69":1,"70":2,"76":2,"79":2,"82":2,"83":2,"85":1,"89":2,"92":1,"93":1,"94":1,"96":1,"97":1,"100":1,"101":1,"103":1,"106":1,"108":2,"114":1,"116":1,"118":1,"123":1,"124":2,"125":2,"126":3,"127":3,"128":3,"129":3,"130":1,"133":3,"134":3,"139":3,"143":1,"144":3,"145":1,"149":1,"150":1,"158":1,"160":1,"161":1,"162":1,"164":1,"166":1,"258":1,"259":1,"271":1,"274":6,"275":6,"277":1,"279":2,"281":1,"283":2,"288":1,"289":1,"291":1,"296":1,"303":1,"306":1,"307":1,"310":1,"311":1,"313":1,"314":1,"315":1,"316":1,"317":1,"318":1,"319":1,"321":1,"322":1,"324":1}},"/home/travis/build/npmtest/node-npmtest-csslint/node_modules/csslint/dist/csslint-node.js":{"path":"/home/travis/build/npmtest/node-npmtest-csslint/node_modules/csslint/dist/csslint-node.js","s":{"1":1,"2":1,"3":1,"4":1,"5":1,"6":1,"7":38,"8":38,"9":1,"10":0,"11":1,"12":0,"13":0,"14":1,"15":0,"16":0,"17":0,"18":0,"19":1,"20":0,"21":0,"22":0,"23":0,"24":0,"25":0,"26":0,"27":1,"28":7,"29":1,"30":0,"31":1,"32":0,"33":0,"34":0,"35":0,"36":0,"37":0,"38":1,"39":0,"40":1,"41":0,"42":0,"43":0,"44":0,"45":0,"46":0,"47":0,"48":0,"49":0,"50":0,"51":0,"52":0,"53":0,"54":0,"55":0,"56":0,"57":0,"58":0,"59":0,"60":0,"61":0,"62":0,"63":0,"64":0,"65":0,"66":0,"67":0,"68":0,"69":0,"70":0,"71":0,"72":0,"73":0,"74":0,"75":0,"76":0,"77":0,"78":0,"79":0,"80":0,"81":0,"82":0,"83":1,"84":1,"85":0,"86":0,"87":0,"88":0,"89":0,"90":0,"91":0,"92":0,"93":0,"94":0,"95":1,"96":0,"97":0,"98":0,"99":0,"100":0,"101":0,"102":0,"103":0,"104":0,"105":0,"106":0,"107":0,"108":0,"109":0,"110":0,"111":1,"112":1,"113":0,"114":0,"115":0,"116":0,"117":0,"118":0,"119":0,"120":0,"121":0,"122":0,"123":0,"124":0,"125":0,"126":0,"127":0,"128":1,"129":0,"130":0,"131":0,"132":0,"133":0,"134":0,"135":0,"136":0,"137":0,"138":0,"139":0,"140":0,"141":0,"142":0,"143":0,"144":1,"145":0,"146":1,"147":0,"148":0,"149":1,"150":0,"151":0,"152":0,"153":0,"154":0,"155":0,"156":0,"157":0,"158":0,"159":0,"160":0,"161":0,"162":0,"163":0,"164":0,"165":0,"166":0,"167":0,"168":0,"169":0,"170":0,"171":0,"172":0,"173":0,"174":0,"175":0,"176":0,"177":0,"178":0,"179":0,"180":0,"181":0,"182":0,"183":0,"184":0,"185":1,"186":0,"187":0,"188":0,"189":0,"190":0,"191":1,"192":0,"193":0,"194":0,"195":0,"196":0,"197":0,"198":0,"199":0,"200":0,"201":0,"202":0,"203":0,"204":0,"205":0,"206":0,"207":0,"208":0,"209":0,"210":0,"211":0,"212":1,"213":0,"214":0,"215":0,"216":0,"217":0,"218":0,"219":0,"220":0,"221":0,"222":0,"223":0,"224":0,"225":0,"226":0,"227":0,"228":0,"229":0,"230":0,"231":0,"232":0,"233":0,"234":0,"235":0,"236":0,"237":0,"238":0,"239":0,"240":0,"241":0,"242":0,"243":0,"244":0,"245":0,"246":0,"247":0,"248":0,"249":0,"250":0,"251":0,"252":0,"253":0,"254":0,"255":0,"256":0,"257":0,"258":0,"259":0,"260":1,"261":0,"262":0,"263":1,"264":0,"265":0,"266":0,"267":1,"268":0,"269":1,"270":0,"271":0,"272":0,"273":0,"274":0,"275":0,"276":0,"277":0,"278":0,"279":0,"280":0,"281":0,"282":0,"283":0,"284":0,"285":0,"286":0,"287":0,"288":0,"289":0,"290":0,"291":0,"292":0,"293":0,"294":0,"295":0,"296":0,"297":0,"298":0,"299":0,"300":0,"301":0,"302":0,"303":0,"304":0,"305":0,"306":0,"307":1,"308":0,"309":0,"310":0,"311":0,"312":0,"313":0,"314":0,"315":0,"316":0,"317":1,"318":0,"319":1,"320":0,"321":0,"322":0,"323":0,"324":0,"325":0,"326":0,"327":0,"328":0,"329":0,"330":0,"331":0,"332":0,"333":1,"334":0,"335":0,"336":0,"337":0,"338":0,"339":0,"340":0,"341":0,"342":0,"343":1,"344":0,"345":0,"346":0,"347":1,"348":0,"349":1,"350":0,"351":0,"352":0,"353":0,"354":0,"355":0,"356":0,"357":0,"358":0,"359":0,"360":0,"361":0,"362":0,"363":0,"364":0,"365":0,"366":0,"367":0,"368":0,"369":0,"370":1,"371":0,"372":0,"373":0,"374":0,"375":0,"376":0,"377":0,"378":0,"379":0,"380":1,"381":0,"382":0,"383":0,"384":0,"385":0,"386":0,"387":1,"388":0,"389":0,"390":0,"391":0,"392":0,"393":0,"394":0,"395":0,"396":1,"397":0,"398":0,"399":0,"400":0,"401":0,"402":0,"403":0,"404":0,"405":0,"406":0,"407":0,"408":0,"409":0,"410":0,"411":0,"412":0,"413":0,"414":0,"415":0,"416":0,"417":1,"418":0,"419":0,"420":0,"421":0,"422":0,"423":0,"424":0,"425":0,"426":0,"427":0,"428":0,"429":0,"430":0,"431":0,"432":0,"433":0,"434":0,"435":1,"436":0,"437":1,"438":0,"439":0,"440":0,"441":0,"442":0,"443":0,"444":0,"445":1,"446":0,"447":0,"448":0,"449":1,"450":0,"451":0,"452":0,"453":0,"454":0,"455":0,"456":0,"457":0,"458":0,"459":1,"460":0,"461":0,"462":0,"463":0,"464":1,"465":0,"466":0,"467":0,"468":0,"469":0,"470":0,"471":0,"472":0,"473":0,"474":0,"475":0,"476":0,"477":0,"478":0,"479":0,"480":0,"481":0,"482":0,"483":0,"484":0,"485":0,"486":0,"487":1,"488":0,"489":1,"490":0,"491":0,"492":0,"493":1,"494":0,"495":0,"496":0,"497":0,"498":0,"499":0,"500":0,"501":0,"502":0,"503":0,"504":0,"505":0,"506":0,"507":0,"508":0,"509":0,"510":0,"511":0,"512":0,"513":0,"514":0,"515":0,"516":0,"517":0,"518":1,"519":0,"520":0,"521":0,"522":0,"523":0,"524":0,"525":0,"526":0,"527":0,"528":0,"529":0,"530":0,"531":0,"532":0,"533":0,"534":0,"535":0,"536":0,"537":0,"538":0,"539":0,"540":0,"541":1,"542":0,"543":0,"544":0,"545":0,"546":0,"547":0,"548":0,"549":0,"550":0,"551":0,"552":1,"553":0,"554":0,"555":0,"556":0,"557":0,"558":0,"559":0,"560":0,"561":0,"562":0,"563":0,"564":0,"565":0,"566":1,"567":0,"568":0,"569":0,"570":0,"571":0,"572":1,"573":0,"574":0,"575":0,"576":0,"577":0,"578":0,"579":1,"580":0,"581":0,"582":0,"583":0,"584":0,"585":0,"586":1,"587":0,"588":1,"589":0,"590":0,"591":0,"592":0,"593":0,"594":0,"595":0,"596":0,"597":0,"598":0,"599":0,"600":0,"601":0,"602":1,"603":0,"604":0,"605":0,"606":0,"607":0,"608":1,"609":0,"610":1,"611":0,"612":0,"613":0,"614":0,"615":0,"616":0,"617":0,"618":0,"619":0,"620":0,"621":0,"622":0,"623":0,"624":0,"625":0,"626":0,"627":1,"628":0,"629":0,"630":0,"631":0,"632":0,"633":1,"634":0,"635":1,"636":0,"637":0,"638":1,"639":0,"640":0,"641":0,"642":0,"643":0,"644":0,"645":0,"646":0,"647":0,"648":0,"649":0,"650":0,"651":1,"652":0,"653":0,"654":0,"655":0,"656":0,"657":1,"658":0,"659":0,"660":0,"661":0,"662":0,"663":0,"664":0,"665":0,"666":0,"667":0,"668":0,"669":0,"670":0,"671":0,"672":0,"673":0,"674":0,"675":0,"676":0,"677":0,"678":0,"679":0,"680":0,"681":0,"682":1,"683":0,"684":0,"685":0,"686":0,"687":0,"688":0,"689":0,"690":0,"691":1,"692":0,"693":0,"694":0,"695":0,"696":0,"697":0,"698":0,"699":0,"700":0,"701":0,"702":0,"703":0,"704":0,"705":0,"706":0,"707":0,"708":0,"709":1,"710":0,"711":1,"712":0,"713":0,"714":1,"715":0,"716":0,"717":0,"718":0,"719":0,"720":0,"721":0,"722":0,"723":0,"724":0,"725":0,"726":0,"727":0,"728":0,"729":0,"730":0,"731":0,"732":0,"733":0,"734":0,"735":0,"736":0,"737":0,"738":0,"739":0,"740":0,"741":0,"742":0,"743":1,"744":0,"745":0,"746":0,"747":0,"748":0,"749":0,"750":0,"751":1,"752":1,"753":0,"754":0,"755":0,"756":0,"757":0,"758":0,"759":0,"760":0,"761":1,"762":0,"763":0,"764":0,"765":0,"766":0,"767":0,"768":0,"769":0,"770":0,"771":0,"772":0,"773":0,"774":0,"775":0,"776":0,"777":1,"778":0,"779":0,"780":0,"781":0,"782":0,"783":0,"784":0,"785":0,"786":0,"787":0,"788":0,"789":0,"790":0,"791":1,"792":0,"793":0,"794":0,"795":0,"796":0,"797":0,"798":0,"799":0,"800":0,"801":0,"802":0,"803":0,"804":0,"805":0,"806":0,"807":1,"808":0,"809":0,"810":0,"811":0,"812":0,"813":0,"814":0,"815":0,"816":0,"817":0,"818":0,"819":1,"820":0,"821":0,"822":0,"823":0,"824":0,"825":0,"826":0,"827":0,"828":0,"829":0,"830":0,"831":0,"832":0,"833":0,"834":0,"835":0,"836":0,"837":0,"838":0,"839":0,"840":0,"841":0,"842":1,"843":0,"844":0,"845":0,"846":0,"847":0,"848":0,"849":0,"850":0,"851":0,"852":0,"853":0,"854":0,"855":0,"856":0,"857":0,"858":0,"859":0,"860":0,"861":1,"862":0,"863":0,"864":0,"865":0,"866":0,"867":0,"868":0,"869":0,"870":0,"871":0,"872":0,"873":0,"874":0,"875":0,"876":0,"877":0,"878":0,"879":0,"880":0,"881":0,"882":0,"883":0,"884":0,"885":0,"886":0,"887":1},"b":{"1":[0,0],"2":[0,0],"3":[0,0],"4":[0,0],"5":[0,0],"6":[0,0],"7":[0,0],"8":[0,0],"9":[0,0],"10":[0,0],"11":[0,0],"12":[0,0],"13":[0,0],"14":[0,0],"15":[0,0],"16":[0,0],"17":[0,0],"18":[0,0],"19":[0,0],"20":[0,0],"21":[0,0],"22":[0,0],"23":[0,0],"24":[0,0],"25":[0,0],"26":[0,0],"27":[0,0],"28":[0,0],"29":[0,0],"30":[0,0],"31":[0,0],"32":[0,0],"33":[0,0],"34":[0,0],"35":[0,0],"36":[0,0],"37":[0,0],"38":[0,0],"39":[0,0],"40":[0,0],"41":[0,0],"42":[0,0],"43":[0,0],"44":[0,0],"45":[0,0],"46":[0,0],"47":[0,0],"48":[0,0],"49":[0,0,0],"50":[0,0],"51":[0,0],"52":[0,0],"53":[0,0],"54":[0,0,0],"55":[0,0],"56":[0,0],"57":[0,0],"58":[0,0],"59":[0,0],"60":[0,0],"61":[0,0],"62":[0,0],"63":[0,0],"64":[0,0],"65":[0,0],"66":[0,0],"67":[0,0],"68":[0,0],"69":[0,0],"70":[0,0],"71":[0,0],"72":[0,0],"73":[0,0],"74":[0,0],"75":[0,0,0],"76":[0,0],"77":[0,0],"78":[0,0],"79":[0,0],"80":[0,0],"81":[0,0],"82":[0,0],"83":[0,0],"84":[0,0],"85":[0,0],"86":[0,0],"87":[0,0],"88":[0,0],"89":[0,0],"90":[0,0],"91":[0,0],"92":[0,0,0,0],"93":[0,0],"94":[0,0],"95":[0,0],"96":[0,0],"97":[0,0],"98":[0,0],"99":[0,0,0],"100":[0,0],"101":[0,0],"102":[0,0],"103":[0,0],"104":[0,0],"105":[0,0],"106":[0,0],"107":[0,0,0],"108":[0,0],"109":[0,0],"110":[0,0],"111":[0,0],"112":[0,0],"113":[0,0],"114":[0,0],"115":[0,0],"116":[0,0],"117":[0,0],"118":[0,0],"119":[0,0],"120":[0,0],"121":[0,0],"122":[0,0],"123":[0,0],"124":[0,0],"125":[0,0],"126":[0,0],"127":[0,0],"128":[0,0],"129":[0,0],"130":[0,0],"131":[0,0],"132":[0,0],"133":[0,0],"134":[0,0],"135":[0,0],"136":[0,0],"137":[0,0],"138":[0,0,0],"139":[0,0],"140":[0,0],"141":[0,0],"142":[0,0],"143":[0,0],"144":[0,0],"145":[0,0],"146":[0,0],"147":[0,0],"148":[0,0],"149":[0,0,0],"150":[0,0],"151":[0,0],"152":[0,0],"153":[0,0],"154":[0,0],"155":[0,0],"156":[0,0],"157":[0,0],"158":[0,0],"159":[0,0],"160":[0,0],"161":[0,0],"162":[0,0],"163":[0,0],"164":[0,0],"165":[0,0],"166":[0,0],"167":[0,0],"168":[0,0],"169":[0,0],"170":[0,0],"171":[0,0],"172":[0,0],"173":[0,0],"174":[0,0],"175":[0,0],"176":[0,0],"177":[0,0],"178":[0,0],"179":[0,0],"180":[0,0],"181":[0,0],"182":[0,0],"183":[0,0],"184":[0,0,0],"185":[0,0],"186":[0,0],"187":[0,0],"188":[0,0],"189":[0,0],"190":[0,0,0,0],"191":[0,0],"192":[0,0],"193":[0,0,0,0],"194":[0,0],"195":[0,0],"196":[0,0],"197":[0,0],"198":[0,0],"199":[0,0],"200":[0,0],"201":[0,0],"202":[0,0],"203":[0,0],"204":[0,0],"205":[0,0],"206":[0,0],"207":[0,0],"208":[0,0],"209":[0,0],"210":[0,0],"211":[0,0],"212":[0,0],"213":[0,0],"214":[0,0],"215":[0,0],"216":[0,0],"217":[0,0],"218":[0,0],"219":[0,0],"220":[0,0],"221":[0,0],"222":[0,0],"223":[0,0],"224":[0,0],"225":[0,0],"226":[0,0],"227":[0,0],"228":[0,0],"229":[0,0]},"f":{"1":1,"2":38,"3":0,"4":0,"5":0,"6":0,"7":0,"8":0,"9":7,"10":0,"11":0,"12":0,"13":0,"14":0,"15":0,"16":0,"17":0,"18":0,"19":0,"20":0,"21":0,"22":0,"23":0,"24":0,"25":0,"26":0,"27":0,"28":0,"29":0,"30":0,"31":0,"32":0,"33":0,"34":0,"35":0,"36":0,"37":0,"38":0,"39":0,"40":0,"41":0,"42":0,"43":0,"44":0,"45":0,"46":0,"47":0,"48":0,"49":0,"50":0,"51":0,"52":0,"53":0,"54":0,"55":0,"56":0,"57":0,"58":0,"59":0,"60":0,"61":0,"62":0,"63":0,"64":0,"65":0,"66":0,"67":0,"68":0,"69":0,"70":0,"71":0,"72":0,"73":0,"74":0,"75":0,"76":0,"77":0,"78":0,"79":0,"80":0,"81":0,"82":0,"83":0,"84":0,"85":0,"86":0,"87":0,"88":0,"89":0,"90":0,"91":0,"92":0,"93":0,"94":0,"95":0,"96":0,"97":0,"98":0,"99":0,"100":0,"101":0,"102":0,"103":0,"104":0,"105":0,"106":0,"107":0,"108":0,"109":0,"110":0,"111":0,"112":0,"113":0,"114":0,"115":0,"116":0,"117":0,"118":0,"119":0,"120":0,"121":0,"122":0,"123":0,"124":0,"125":0,"126":0,"127":0,"128":0,"129":0,"130":0,"131":0,"132":0,"133":0,"134":0,"135":0,"136":0,"137":0,"138":0,"139":0,"140":0,"141":0,"142":0,"143":0,"144":1,"145":0,"146":0,"147":0,"148":0,"149":0,"150":0,"151":0,"152":0,"153":0,"154":0,"155":0,"156":0,"157":0,"158":0,"159":0,"160":0,"161":0,"162":0,"163":0,"164":0,"165":0,"166":0,"167":0,"168":0,"169":0,"170":0,"171":0,"172":0,"173":0,"174":0,"175":0,"176":0,"177":0,"178":0,"179":0,"180":0},"fnMap":{"1":{"name":"(anonymous_1)","line":36,"loc":{"start":{"line":36,"column":15},"end":{"line":36,"column":26}}},"2":{"name":"(anonymous_2)","line":55,"loc":{"start":{"line":55,"column":18},"end":{"line":55,"column":33}}},"3":{"name":"(anonymous_3)","line":64,"loc":{"start":{"line":64,"column":21},"end":{"line":64,"column":32}}},"4":{"name":"(anonymous_4)","line":73,"loc":{"start":{"line":73,"column":19},"end":{"line":73,"column":30}}},"5":{"name":"(anonymous_5)","line":74,"loc":{"start":{"line":74,"column":37},"end":{"line":74,"column":52}}},"6":{"name":"(anonymous_6)","line":84,"loc":{"start":{"line":84,"column":21},"end":{"line":84,"column":32}}},"7":{"name":"applyEmbeddedRuleset","line":103,"loc":{"start":{"line":103,"column":4},"end":{"line":103,"column":49}}},"8":{"name":"(anonymous_8)","line":119,"loc":{"start":{"line":119,"column":51},"end":{"line":119,"column":66}}},"9":{"name":"(anonymous_9)","line":140,"loc":{"start":{"line":140,"column":23},"end":{"line":140,"column":43}}},"10":{"name":"(anonymous_10)","line":151,"loc":{"start":{"line":151,"column":23},"end":{"line":151,"column":42}}},"11":{"name":"(anonymous_11)","line":164,"loc":{"start":{"line":164,"column":17},"end":{"line":164,"column":64}}},"12":{"name":"(anonymous_12)","line":183,"loc":{"start":{"line":183,"column":20},"end":{"line":183,"column":39}}},"13":{"name":"(anonymous_13)","line":200,"loc":{"start":{"line":200,"column":17},"end":{"line":200,"column":41}}},"14":{"name":"(anonymous_14)","line":219,"loc":{"start":{"line":219,"column":36},"end":{"line":219,"column":60}}},"15":{"name":"(anonymous_15)","line":225,"loc":{"start":{"line":225,"column":60},"end":{"line":225,"column":80}}},"16":{"name":"(anonymous_16)","line":236,"loc":{"start":{"line":236,"column":36},"end":{"line":236,"column":60}}},"17":{"name":"(anonymous_17)","line":295,"loc":{"start":{"line":295,"column":29},"end":{"line":295,"column":45}}},"18":{"name":"Reporter","line":327,"loc":{"start":{"line":327,"column":0},"end":{"line":327,"column":49}}},"19":{"name":"(anonymous_19)","line":394,"loc":{"start":{"line":394,"column":11},"end":{"line":394,"column":46}}},"20":{"name":"(anonymous_20)","line":415,"loc":{"start":{"line":415,"column":10},"end":{"line":415,"column":45}}},"21":{"name":"(anonymous_21)","line":428,"loc":{"start":{"line":428,"column":12},"end":{"line":428,"column":47}}},"22":{"name":"(anonymous_22)","line":437,"loc":{"start":{"line":437,"column":42},"end":{"line":437,"column":59}}},"23":{"name":"(anonymous_23)","line":464,"loc":{"start":{"line":464,"column":10},"end":{"line":464,"column":45}}},"24":{"name":"(anonymous_24)","line":482,"loc":{"start":{"line":482,"column":17},"end":{"line":482,"column":41}}},"25":{"name":"(anonymous_25)","line":498,"loc":{"start":{"line":498,"column":16},"end":{"line":498,"column":40}}},"26":{"name":"(anonymous_26)","line":514,"loc":{"start":{"line":514,"column":10},"end":{"line":514,"column":32}}},"27":{"name":"(anonymous_27)","line":535,"loc":{"start":{"line":535,"column":9},"end":{"line":535,"column":38}}},"28":{"name":"(anonymous_28)","line":554,"loc":{"start":{"line":554,"column":13},"end":{"line":554,"column":37}}},"29":{"name":"(anonymous_29)","line":574,"loc":{"start":{"line":574,"column":13},"end":{"line":574,"column":36}}},"30":{"name":"(anonymous_30)","line":600,"loc":{"start":{"line":600,"column":10},"end":{"line":600,"column":37}}},"31":{"name":"(anonymous_31)","line":603,"loc":{"start":{"line":603,"column":40},"end":{"line":603,"column":56}}},"32":{"name":"(anonymous_32)","line":647,"loc":{"start":{"line":647,"column":10},"end":{"line":647,"column":37}}},"33":{"name":"startRule","line":669,"loc":{"start":{"line":669,"column":8},"end":{"line":669,"column":29}}},"34":{"name":"endRule","line":674,"loc":{"start":{"line":674,"column":8},"end":{"line":674,"column":27}}},"35":{"name":"(anonymous_35)","line":711,"loc":{"start":{"line":711,"column":39},"end":{"line":711,"column":55}}},"36":{"name":"(anonymous_36)","line":757,"loc":{"start":{"line":757,"column":10},"end":{"line":757,"column":37}}},"37":{"name":"(anonymous_37)","line":761,"loc":{"start":{"line":761,"column":39},"end":{"line":761,"column":55}}},"38":{"name":"(anonymous_38)","line":787,"loc":{"start":{"line":787,"column":10},"end":{"line":787,"column":37}}},"39":{"name":"(anonymous_39)","line":796,"loc":{"start":{"line":796,"column":44},"end":{"line":796,"column":55}}},"40":{"name":"(anonymous_40)","line":800,"loc":{"start":{"line":800,"column":39},"end":{"line":800,"column":55}}},"41":{"name":"(anonymous_41)","line":830,"loc":{"start":{"line":830,"column":42},"end":{"line":830,"column":53}}},"42":{"name":"(anonymous_42)","line":855,"loc":{"start":{"line":855,"column":10},"end":{"line":855,"column":38}}},"43":{"name":"(anonymous_43)","line":943,"loc":{"start":{"line":943,"column":40},"end":{"line":943,"column":52}}},"44":{"name":"(anonymous_44)","line":947,"loc":{"start":{"line":947,"column":45},"end":{"line":947,"column":62}}},"45":{"name":"(anonymous_45)","line":951,"loc":{"start":{"line":951,"column":43},"end":{"line":951,"column":55}}},"46":{"name":"(anonymous_46)","line":955,"loc":{"start":{"line":955,"column":39},"end":{"line":955,"column":56}}},"47":{"name":"(anonymous_47)","line":967,"loc":{"start":{"line":967,"column":38},"end":{"line":967,"column":50}}},"48":{"name":"(anonymous_48)","line":1047,"loc":{"start":{"line":1047,"column":10},"end":{"line":1047,"column":37}}},"49":{"name":"reportProperty","line":1070,"loc":{"start":{"line":1070,"column":8},"end":{"line":1070,"column":52}}},"50":{"name":"startRule","line":1078,"loc":{"start":{"line":1078,"column":8},"end":{"line":1078,"column":29}}},"51":{"name":"endRule","line":1082,"loc":{"start":{"line":1082,"column":8},"end":{"line":1082,"column":27}}},"52":{"name":"(anonymous_52)","line":1132,"loc":{"start":{"line":1132,"column":39},"end":{"line":1132,"column":55}}},"53":{"name":"(anonymous_53)","line":1169,"loc":{"start":{"line":1169,"column":10},"end":{"line":1169,"column":37}}},"54":{"name":"(anonymous_54)","line":1174,"loc":{"start":{"line":1174,"column":39},"end":{"line":1174,"column":55}}},"55":{"name":"(anonymous_55)","line":1209,"loc":{"start":{"line":1209,"column":10},"end":{"line":1209,"column":37}}},"56":{"name":"startRule","line":1215,"loc":{"start":{"line":1215,"column":8},"end":{"line":1215,"column":29}}},"57":{"name":"(anonymous_57)","line":1226,"loc":{"start":{"line":1226,"column":39},"end":{"line":1226,"column":55}}},"58":{"name":"(anonymous_58)","line":1258,"loc":{"start":{"line":1258,"column":10},"end":{"line":1258,"column":37}}},"59":{"name":"(anonymous_59)","line":1263,"loc":{"start":{"line":1263,"column":40},"end":{"line":1263,"column":51}}},"60":{"name":"(anonymous_60)","line":1267,"loc":{"start":{"line":1267,"column":39},"end":{"line":1267,"column":50}}},"61":{"name":"(anonymous_61)","line":1271,"loc":{"start":{"line":1271,"column":38},"end":{"line":1271,"column":54}}},"62":{"name":"(anonymous_62)","line":1294,"loc":{"start":{"line":1294,"column":10},"end":{"line":1294,"column":37}}},"63":{"name":"(anonymous_63)","line":1298,"loc":{"start":{"line":1298,"column":36},"end":{"line":1298,"column":52}}},"64":{"name":"(anonymous_64)","line":1316,"loc":{"start":{"line":1316,"column":10},"end":{"line":1316,"column":37}}},"65":{"name":"startRule","line":1336,"loc":{"start":{"line":1336,"column":8},"end":{"line":1336,"column":29}}},"66":{"name":"(anonymous_66)","line":1347,"loc":{"start":{"line":1347,"column":39},"end":{"line":1347,"column":55}}},"67":{"name":"(anonymous_67)","line":1398,"loc":{"start":{"line":1398,"column":10},"end":{"line":1398,"column":37}}},"68":{"name":"(anonymous_68)","line":1404,"loc":{"start":{"line":1404,"column":39},"end":{"line":1404,"column":55}}},"69":{"name":"(anonymous_69)","line":1412,"loc":{"start":{"line":1412,"column":44},"end":{"line":1412,"column":55}}},"70":{"name":"(anonymous_70)","line":1436,"loc":{"start":{"line":1436,"column":10},"end":{"line":1436,"column":37}}},"71":{"name":"(anonymous_71)","line":1442,"loc":{"start":{"line":1442,"column":44},"end":{"line":1442,"column":55}}},"72":{"name":"(anonymous_72)","line":1446,"loc":{"start":{"line":1446,"column":44},"end":{"line":1446,"column":55}}},"73":{"name":"(anonymous_73)","line":1469,"loc":{"start":{"line":1469,"column":10},"end":{"line":1469,"column":37}}},"74":{"name":"(anonymous_74)","line":1475,"loc":{"start":{"line":1475,"column":39},"end":{"line":1475,"column":55}}},"75":{"name":"(anonymous_75)","line":1482,"loc":{"start":{"line":1482,"column":44},"end":{"line":1482,"column":55}}},"76":{"name":"(anonymous_76)","line":1506,"loc":{"start":{"line":1506,"column":10},"end":{"line":1506,"column":37}}},"77":{"name":"(anonymous_77)","line":1511,"loc":{"start":{"line":1511,"column":40},"end":{"line":1511,"column":51}}},"78":{"name":"(anonymous_78)","line":1520,"loc":{"start":{"line":1520,"column":39},"end":{"line":1520,"column":55}}},"79":{"name":"(anonymous_79)","line":1530,"loc":{"start":{"line":1530,"column":38},"end":{"line":1530,"column":54}}},"80":{"name":"(anonymous_80)","line":1573,"loc":{"start":{"line":1573,"column":10},"end":{"line":1573,"column":37}}},"81":{"name":"(anonymous_81)","line":1576,"loc":{"start":{"line":1576,"column":40},"end":{"line":1576,"column":56}}},"82":{"name":"(anonymous_82)","line":1627,"loc":{"start":{"line":1627,"column":10},"end":{"line":1627,"column":37}}},"83":{"name":"startPage","line":1633,"loc":{"start":{"line":1633,"column":8},"end":{"line":1633,"column":29}}},"84":{"name":"(anonymous_84)","line":1639,"loc":{"start":{"line":1639,"column":37},"end":{"line":1639,"column":48}}},"85":{"name":"(anonymous_85)","line":1643,"loc":{"start":{"line":1643,"column":44},"end":{"line":1643,"column":55}}},"86":{"name":"(anonymous_86)","line":1669,"loc":{"start":{"line":1669,"column":10},"end":{"line":1669,"column":37}}},"87":{"name":"(anonymous_87)","line":1673,"loc":{"start":{"line":1673,"column":37},"end":{"line":1673,"column":53}}},"88":{"name":"(anonymous_88)","line":1697,"loc":{"start":{"line":1697,"column":10},"end":{"line":1697,"column":37}}},"89":{"name":"(anonymous_89)","line":1703,"loc":{"start":{"line":1703,"column":39},"end":{"line":1703,"column":55}}},"90":{"name":"(anonymous_90)","line":1711,"loc":{"start":{"line":1711,"column":44},"end":{"line":1711,"column":55}}},"91":{"name":"(anonymous_91)","line":1736,"loc":{"start":{"line":1736,"column":10},"end":{"line":1736,"column":37}}},"92":{"name":"(anonymous_92)","line":1740,"loc":{"start":{"line":1740,"column":39},"end":{"line":1740,"column":55}}},"93":{"name":"(anonymous_93)","line":1765,"loc":{"start":{"line":1765,"column":10},"end":{"line":1765,"column":37}}},"94":{"name":"(anonymous_94)","line":1770,"loc":{"start":{"line":1770,"column":24},"end":{"line":1770,"column":36}}},"95":{"name":"(anonymous_95)","line":1774,"loc":{"start":{"line":1774,"column":22},"end":{"line":1774,"column":38}}},"96":{"name":"(anonymous_96)","line":1790,"loc":{"start":{"line":1790,"column":39},"end":{"line":1790,"column":55}}},"97":{"name":"(anonymous_97)","line":1823,"loc":{"start":{"line":1823,"column":10},"end":{"line":1823,"column":37}}},"98":{"name":"startRule","line":1828,"loc":{"start":{"line":1828,"column":8},"end":{"line":1828,"column":34}}},"99":{"name":"endRule","line":1842,"loc":{"start":{"line":1842,"column":8},"end":{"line":1842,"column":27}}},"100":{"name":"(anonymous_100)","line":1861,"loc":{"start":{"line":1861,"column":39},"end":{"line":1861,"column":55}}},"101":{"name":"(anonymous_101)","line":1899,"loc":{"start":{"line":1899,"column":10},"end":{"line":1899,"column":37}}},"102":{"name":"(anonymous_102)","line":1904,"loc":{"start":{"line":1904,"column":40},"end":{"line":1904,"column":56}}},"103":{"name":"(anonymous_103)","line":1937,"loc":{"start":{"line":1937,"column":44},"end":{"line":1937,"column":55}}},"104":{"name":"(anonymous_104)","line":1968,"loc":{"start":{"line":1968,"column":10},"end":{"line":1968,"column":37}}},"105":{"name":"(anonymous_105)","line":1972,"loc":{"start":{"line":1972,"column":40},"end":{"line":1972,"column":56}}},"106":{"name":"(anonymous_106)","line":2009,"loc":{"start":{"line":2009,"column":10},"end":{"line":2009,"column":37}}},"107":{"name":"(anonymous_107)","line":2013,"loc":{"start":{"line":2013,"column":40},"end":{"line":2013,"column":56}}},"108":{"name":"(anonymous_108)","line":2055,"loc":{"start":{"line":2055,"column":10},"end":{"line":2055,"column":37}}},"109":{"name":"(anonymous_109)","line":2060,"loc":{"start":{"line":2060,"column":40},"end":{"line":2060,"column":51}}},"110":{"name":"(anonymous_110)","line":2064,"loc":{"start":{"line":2064,"column":44},"end":{"line":2064,"column":55}}},"111":{"name":"(anonymous_111)","line":2084,"loc":{"start":{"line":2084,"column":10},"end":{"line":2084,"column":37}}},"112":{"name":"(anonymous_112)","line":2088,"loc":{"start":{"line":2088,"column":40},"end":{"line":2088,"column":56}}},"113":{"name":"(anonymous_113)","line":2092,"loc":{"start":{"line":2092,"column":44},"end":{"line":2092,"column":55}}},"114":{"name":"(anonymous_114)","line":2114,"loc":{"start":{"line":2114,"column":10},"end":{"line":2114,"column":37}}},"115":{"name":"(anonymous_115)","line":2118,"loc":{"start":{"line":2118,"column":40},"end":{"line":2118,"column":56}}},"116":{"name":"(anonymous_116)","line":2122,"loc":{"start":{"line":2122,"column":44},"end":{"line":2122,"column":55}}},"117":{"name":"(anonymous_117)","line":2144,"loc":{"start":{"line":2144,"column":10},"end":{"line":2144,"column":37}}},"118":{"name":"startRule","line":2148,"loc":{"start":{"line":2148,"column":8},"end":{"line":2148,"column":34}}},"119":{"name":"(anonymous_119)","line":2191,"loc":{"start":{"line":2191,"column":10},"end":{"line":2191,"column":37}}},"120":{"name":"startRule","line":2221,"loc":{"start":{"line":2221,"column":8},"end":{"line":2221,"column":29}}},"121":{"name":"endRule","line":2226,"loc":{"start":{"line":2226,"column":8},"end":{"line":2226,"column":32}}},"122":{"name":"(anonymous_122)","line":2250,"loc":{"start":{"line":2250,"column":39},"end":{"line":2250,"column":55}}},"123":{"name":"(anonymous_123)","line":2280,"loc":{"start":{"line":2280,"column":10},"end":{"line":2280,"column":37}}},"124":{"name":"(anonymous_124)","line":2285,"loc":{"start":{"line":2285,"column":39},"end":{"line":2285,"column":55}}},"125":{"name":"(anonymous_125)","line":2310,"loc":{"start":{"line":2310,"column":10},"end":{"line":2310,"column":37}}},"126":{"name":"startRule","line":2317,"loc":{"start":{"line":2317,"column":8},"end":{"line":2317,"column":29}}},"127":{"name":"endRule","line":2323,"loc":{"start":{"line":2323,"column":8},"end":{"line":2323,"column":27}}},"128":{"name":"(anonymous_128)","line":2333,"loc":{"start":{"line":2333,"column":39},"end":{"line":2333,"column":55}}},"129":{"name":"(anonymous_129)","line":2366,"loc":{"start":{"line":2366,"column":10},"end":{"line":2366,"column":37}}},"130":{"name":"(anonymous_130)","line":2371,"loc":{"start":{"line":2371,"column":39},"end":{"line":2371,"column":55}}},"131":{"name":"(anonymous_131)","line":2395,"loc":{"start":{"line":2395,"column":10},"end":{"line":2395,"column":37}}},"132":{"name":"(anonymous_132)","line":2408,"loc":{"start":{"line":2408,"column":40},"end":{"line":2408,"column":56}}},"133":{"name":"(anonymous_133)","line":2438,"loc":{"start":{"line":2438,"column":44},"end":{"line":2438,"column":55}}},"134":{"name":"(anonymous_134)","line":2472,"loc":{"start":{"line":2472,"column":10},"end":{"line":2472,"column":37}}},"135":{"name":"(anonymous_135)","line":2476,"loc":{"start":{"line":2476,"column":40},"end":{"line":2476,"column":56}}},"136":{"name":"(anonymous_136)","line":2509,"loc":{"start":{"line":2509,"column":10},"end":{"line":2509,"column":37}}},"137":{"name":"(anonymous_137)","line":2514,"loc":{"start":{"line":2514,"column":40},"end":{"line":2514,"column":56}}},"138":{"name":"(anonymous_138)","line":2568,"loc":{"start":{"line":2568,"column":10},"end":{"line":2568,"column":37}}},"139":{"name":"startRule","line":2634,"loc":{"start":{"line":2634,"column":8},"end":{"line":2634,"column":29}}},"140":{"name":"endRule","line":2640,"loc":{"start":{"line":2640,"column":8},"end":{"line":2640,"column":27}}},"141":{"name":"(anonymous_141)","line":2680,"loc":{"start":{"line":2680,"column":39},"end":{"line":2680,"column":55}}},"142":{"name":"(anonymous_142)","line":2718,"loc":{"start":{"line":2718,"column":10},"end":{"line":2718,"column":37}}},"143":{"name":"(anonymous_143)","line":2723,"loc":{"start":{"line":2723,"column":39},"end":{"line":2723,"column":55}}},"144":{"name":"(anonymous_144)","line":2741,"loc":{"start":{"line":2741,"column":1},"end":{"line":2741,"column":12}}},"145":{"name":"(anonymous_145)","line":2756,"loc":{"start":{"line":2756,"column":20},"end":{"line":2756,"column":34}}},"146":{"name":"(anonymous_146)","line":2761,"loc":{"start":{"line":2761,"column":38},"end":{"line":2761,"column":54}}},"147":{"name":"(anonymous_147)","line":2784,"loc":{"start":{"line":2784,"column":21},"end":{"line":2784,"column":32}}},"148":{"name":"(anonymous_148)","line":2792,"loc":{"start":{"line":2792,"column":19},"end":{"line":2792,"column":30}}},"149":{"name":"(anonymous_149)","line":2802,"loc":{"start":{"line":2802,"column":19},"end":{"line":2802,"column":47}}},"150":{"name":"(anonymous_150)","line":2813,"loc":{"start":{"line":2813,"column":23},"end":{"line":2813,"column":64}}},"151":{"name":"(anonymous_151)","line":2824,"loc":{"start":{"line":2824,"column":33},"end":{"line":2824,"column":48}}},"152":{"name":"(anonymous_152)","line":2834,"loc":{"start":{"line":2834,"column":47},"end":{"line":2834,"column":66}}},"153":{"name":"(anonymous_153)","line":2859,"loc":{"start":{"line":2859,"column":17},"end":{"line":2859,"column":28}}},"154":{"name":"(anonymous_154)","line":2868,"loc":{"start":{"line":2868,"column":15},"end":{"line":2868,"column":26}}},"155":{"name":"(anonymous_155)","line":2880,"loc":{"start":{"line":2880,"column":19},"end":{"line":2880,"column":56}}},"156":{"name":"(anonymous_156)","line":2891,"loc":{"start":{"line":2891,"column":25},"end":{"line":2891,"column":39}}},"157":{"name":"(anonymous_157)","line":2899,"loc":{"start":{"line":2899,"column":39},"end":{"line":2899,"column":57}}},"158":{"name":"(anonymous_158)","line":2921,"loc":{"start":{"line":2921,"column":17},"end":{"line":2921,"column":28}}},"159":{"name":"(anonymous_159)","line":2930,"loc":{"start":{"line":2930,"column":15},"end":{"line":2930,"column":26}}},"160":{"name":"(anonymous_160)","line":2942,"loc":{"start":{"line":2942,"column":19},"end":{"line":2942,"column":60}}},"161":{"name":"(anonymous_161)","line":2959,"loc":{"start":{"line":2959,"column":38},"end":{"line":2959,"column":52}}},"162":{"name":"(anonymous_162)","line":2968,"loc":{"start":{"line":2968,"column":43},"end":{"line":2968,"column":62}}}
[...]
pe sequence for &","         *  - &lt; is the escape sequence for <","         *  - &gt; is the escape sequence for >","         *","         * @param {String} message to escape","         * @return escaped message as {String}","         */","        var escapeSpecialCharacters = function(str) {","            if (!str || str.constructor !== String) {","                return \"\";","            }","            return str.replace(/\"/g, \"'\").replace(/&/g, \"&amp;\").replace(/</g, \"&lt;\").replace(/>/g, \"&gt;\");","        };","","        if (messages.length > 0) {","            output.push(\"<file name=\\\"\"+filename+\"\\\">\");","            CSSLint.Util.forEach(messages, function (message) {","                if (message.rollup) {","                    output.push(\"<issue severity=\\\"\" + message.type + \"\\\" reason=\\\"\" + escapeSpecialCharacters(message.message) + \"\\\" evidence=\\\"\" + escapeSpecialCharacters(message.evidence) + \"\\\"/>\");","                } else {","                    output.push(\"<issue line=\\\"\" + message.line + \"\\\" char=\\\"\" + message.col + \"\\\" severity=\\\"\" + message.type + \"\\\"\" +","                        \" reason=\\\"\" + escapeSpecialCharacters(message.message) + \"\\\" evidence=\\\"\" + escapeSpecialCharacters(message.evidence) + \"\\\"/>\");","                }","            });","            output.push(\"</file>\");","        }","","        return output.join(\"\");","    }","});","","/* globals JSON: true */","","CSSLint.addFormatter({","    // format information","    id: \"json\",","    name: \"JSON\",","","    /**","     * Return content to be printed before all file results.","     * @return {String} to prepend before all results","     */","    startFormat: function() {","        \"use strict\";","        this.json = [];","        return \"\";","    },","","    /**","     * Return content to be printed after all file results.","     * @return {String} to append after all results","     */","    endFormat: function() {","        \"use strict\";","        var ret = \"\";","        if (this.json.length > 0) {","            if (this.json.length === 1) {","                ret = JSON.stringify(this.json[0]);","            } else {","                ret = JSON.stringify(this.json);","            }","        }","        return ret;","    },","","    /**","     * Given CSS Lint results for a file, return output for this format.","     * @param results {Object} with error and warning messages","     * @param filename {String} relative file path (Unused)","     * @return {String} output for results","     */","    formatResults: function(results, filename, options) {","        \"use strict\";","        if (results.messages.length > 0 || !options.quiet) {","            this.json.push({","                filename: filename,","                messages: results.messages,","                stats: results.stats","            });","        }","        return \"\";","    }","});","","CSSLint.addFormatter({","    // format information","    id: \"junit-xml\",","    name: \"JUNIT XML format\",","","    /**","     * Return opening root XML tag.","     * @return {String} to prepend before all results","     */","    startFormat: function() {","        \"use strict\";","        return \"<?xml version=\\\"1.0\\\" encoding=\\\"utf-8\\\"?><testsuites>\";","    },","","    /**","     * Return closing root XML tag.","     * @return {String} to append after all results","     */","    endFormat: function() {","        \"use strict\";","        return \"</testsuites>\";","    },","","    /**","     * Given CSS Lint results for a file, return output for this format.","     * @param results {Object} with error and warning messages","     * @param filename {String} relative file path","     * @param options {Object} (UNUSED for now) specifies special handling of output","     * @return {String} output for results","     */","    formatResults: function(results, filename/*, options*/) {","        \"use strict\";","","        var messages = results.messages,","            output = [],","            tests = {","                \"error\": 0,","                \"failure\": 0","            };","","        /**","         * Generate a source string for a rule.","         * JUNIT source strings usually resemble Java class names e.g","         * net.csslint.SomeRuleName","         * @param {Object} rule","         * @return rule source as {String}","         */","        var generateSource = function(rule) {","            if (!rule || !(\"name\" in rule)) {","                return \"\";","            }","            return \"net.csslint.\" + rule.name.replace(/\\s/g, \"\");","        };","","        /**","         * Replace special characters before write to output.","         *","         * Rules:","         *  - single quotes is the escape sequence for double-quotes","         *  - &lt; is the escape sequence for <","         *  - &gt; is the escape sequence for >","         *","         * @param {String} message to escape","         * @return escaped message as {String}","         */","        var escapeSpecialCharacters = function(str) {","","            if (!str || str.constructor !== String) {","                return \"\";","            }","","            return str.replace(/\"/g, \"'\").replace(/</g, \"&lt;\").replace(/>/g, \"&gt;\");","","        };","","        if (messages.length > 0) {","","            messages.forEach(function (message) {","","                // since junit has no warning class","                // all issues as errors","                var type = message.type === \"warning\" ? \"error\" : message.type;","","                // ignore rollups for now","                if (!message.rollup) {","","                    // build the test case separately, once joined","                    // we'll add it to a custom array filtered by type","                    output.push(\"<testcase time=\\\"0\\\" name=\\\"\" + generateSource(message.rule) + \"\\\">\");","                    output.push(\"<\" + type + \" message=\\\"\" + escapeSpecialCharacters(message.message) + \"\\\"><![CDATA[\" + message.line + \":\" + message.col + \":\" + escapeSpecialCharacters(message.evidence) + \"]]></\" + type + \">\");","                    output.push(\"</testcase>\");","","                    tests[type] += 1;","","                }","","            });","","            output.unshift(\"<testsuite time=\\\"0\\\" tests=\\\"\" + messages.length + \"\\\" skipped=\\\"0\\\" errors=\\\"\" + tests.error + \"\\\" failures=\\\"\" + tests.failure + \"\\\" package=\\\"net.csslint\\\" name=\\\"\" + filename + \"\\\">\");","            output.push(\"</testsuite>\");","","        }","","        return output.join(\"\");","","    }","});","","CSSLint.addFormatter({","    // format information","    id: \"lint-xml\",","    name: \"Lint XML format\",","","    /**","     * Return opening root XML tag.","     * @return {String} to prepend before all results","     */","    startFormat: function() {","        \"use strict\";","        return \"<?xml version=\\\"1.0\\\" encoding=\\\"utf-8\\\"?><lint>\";","    },","","    /**","     * Return closing root XML tag.","     * @return {String} to append after all results","     */","    endFormat: function() {","        \"use strict\";","        return \"</lint>\";","    },","","    /**","     * Given CSS Lint results for a file, return output for this format.","     * @param results {Object} with error and warning messages","     * @param filename {String} relative file path","     * @param options {Object} (UNUSED for now) specifies special handling of output","     * @return {String} output for results","     */","    formatResults: function(results, filename/*, options*/) {","        \"use strict\";","        var messages = results.messages,","            output = [];","","        /**","         * Replace special characters before write to output.","         *","         * Rules:","         *  - single quotes is the escape sequence for double-quotes","         *  - &amp; is the escape sequence for &","         *  - &lt; is the escape sequence for <","         *  - &gt; is the escape sequence for >","         *","         * @param {String} message to escape","         * @return escaped message as {String}","         */","        var escapeSpecialCharacters = function(str) {","            if (!str || str.constructor !== String) {","                return \"\";","            }","            return str.replace(/\"/g, \"'\").replace(/&/g, \"&amp;\").replace(/</g, \"&lt;\").replace(/>/g, \"&gt;\");","        };","","        if (messages.length > 0) {","","            output.push(\"<file name=\\\"\"+filename+\"\\\">\");","            CSSLint.Util.forEach(messages, function (message) {","                if (message.rollup) {","                    output.push(\"<issue severity=\\\"\" + message.type + \"\\\" reason=\\\"\" + escapeSpecialCharacters(message.message) + \"\\\" evidence=\\\"\" + escapeSpecialCharacters(message.evidence) + \"\\\"/>\");","                } else {","                    var rule = \"\";","                    if (message.rule && message.rule.id) {","                        rule = \"rule=\\\"\" + escapeSpecialCharacters(message.rule.id) + \"\\\" \";","                    }","                    output.push(\"<issue \" + rule + \"line=\\\"\" + message.line + \"\\\" char=\\\"\" + message.col + \"\\\" severity=\\\"\" + message.type + \"\\\"\" +","                        \" reason=\\\"\" + escapeSpecialCharacters(message.message) + \"\\\" evidence=\\\"\" + escapeSpecialCharacters(message.evidence) + \"\\\"/>\");","                }","            });","            output.push(\"</file>\");","        }","","        return output.join(\"\");","    }","});","","CSSLint.addFormatter({","    // format information","    id: \"text\",","    name: \"Plain Text\",","","    /**","     * Return content to be printed before all file results.","     * @return {String} to prepend before all results","     */","    startFormat: function() {","        \"use strict\";","        return \"\";","    },","","    /**","     * Return content to be printed after all file results.","     * @return {String} to append after all results","     */","    endFormat: function() {","        \"use strict\";","        return \"\";","    },","","    /**","     * Given CSS Lint results for a file, return output for this format.","     * @param results {Object} with error and warning messages","     * @param filename {String} relative file path","     * @param options {Object} (Optional) specifies special handling of output","     * @return {String} output for results","     */","    formatResults: function(results, filename, options) {","        \"use strict\";","        var messages = results.messages,","            output = \"\";","        options = options || {};","","        if (messages.length === 0) {","            return options.quiet ? \"\" : \"\\n\\ncsslint: No errors in \" + filename + \".\";","        }","","        output = \"\\n\\ncsslint: There \";","        if (messages.length === 1) {","            output += \"is 1 problem\";","        } else {","            output += \"are \" + messages.length + \" problems\";","        }","        output += \" in \" + filename + \".\";","","        var pos = filename.lastIndexOf(\"/\"),","            shortFilename = filename;","","        if (pos === -1) {","            pos = filename.lastIndexOf(\"\\\\\");","        }","        if (pos > -1) {","            shortFilename = filename.substring(pos+1);","        }","","        CSSLint.Util.forEach(messages, function (message, i) {","            output = output + \"\\n\\n\" + shortFilename;","            if (message.rollup) {","                output += \"\\n\" + (i+1) + \": \" + message.type;","                output += \"\\n\" + message.message;","            } else {","                output += \"\\n\" + (i+1) + \": \" + message.type + \" at line \" + message.line + \", col \" + message.col;","                output += \"\\n\" + message.message;","                output += \"\\n\" + message.evidence;","            }","        });","","        return output;","    }","});","","exports.CSSLint = CSSLint;"],"l":{"24":1,"25":1,"36":1,"39":1,"44":1,"55":1,"56":38,"57":38,"64":1,"65":0,"73":1,"74":0,"75":0,"84":1,"85":0,"89":0,"90":0,"93":0,"103":1,"104":0,"108":0,"109":0,"119":0,"120":0,"124":0,"128":0,"140":1,"142":7,"151":1,"152":0,"164":1,"165":0,"168":0,"169":0,"170":0,"171":0,"174":0,"183":1,"184":0,"200":1,"202":0,"216":0,"219":0,"220":0,"224":0,"225":0,"226":0,"228":0,"229":0,"234":0,"236":0,"238":0,"239":0,"242":0,"243":0,"246":0,"247":0,"248":0,"253":0,"254":0,"257":0,"258":0,"261":0,"263":0,"264":0,"267":0,"269":0,"270":0,"271":0,"272":0,"273":0,"280":0,"281":0,"283":0,"286":0,"295":0,"296":0,"297":0,"298":0,"299":0,"301":0,"305":0,"312":1,"327":1,"335":0,"342":0,"350":0,"358":0,"365":0,"366":0,"367":0,"375":0,"376":0,"377":0,"381":1,"396":0,"417":0,"432":0,"433":0,"436":0,"437":0,"438":0,"439":0,"442":0,"443":0,"446":0,"466":0,"484":0,"500":0,"516":0,"521":1,"526":1,"537":0,"539":0,"540":0,"541":0,"545":0,"556":0,"557":0,"559":0,"560":0,"561":0,"564":0,"576":0,"577":0,"579":0,"580":0,"590":1,"602":0,"603":0,"604":0,"611":0,"612":0,"613":0,"614":0,"615":0,"616":0,"617":0,"618":0,"619":0,"620":0,"622":0,"623":0,"637":1,"649":0,"669":1,"670":0,"671":0,"674":1,"675":0,"677":0,"678":0,"679":0,"680":0,"681":0,"683":0,"684":0,"690":0,"691":0,"692":0,"693":0,"695":0,"696":0,"704":0,"705":0,"706":0,"707":0,"708":0,"709":0,"711":0,"712":0,"714":0,"715":0,"716":0,"723":0,"724":0,"725":0,"726":0,"732":0,"733":0,"734":0,"735":0,"736":0,"737":0,"746":1,"759":0,"761":0,"762":0,"764":0,"765":0,"777":1,"789":0,"796":0,"797":0,"800":0,"802":0,"803":0,"806":0,"810":0,"811":0,"814":0,"815":0,"818":0,"819":0,"820":0,"821":0,"822":0,"830":0,"831":0,"833":0,"834":0,"845":1,"857":0,"870":0,"931":0,"932":0,"933":0,"934":0,"935":0,"936":0,"938":0,"939":0,"943":0,"944":0,"947":0,"948":0,"951":0,"952":0,"955":0,"956":0,"957":0,"960":0,"962":0,"967":0,"968":0,"969":0,"972":0,"984":0,"985":0,"987":0,"988":0,"989":0,"990":0,"991":0,"992":0,"998":0,"999":0,"1000":0,"1007":0,"1008":0,"1009":0,"1010":0,"1011":0,"1013":0,"1014":0,"1015":0,"1016":0,"1017":0,"1018":0,"1037":1,"1049":0,"1051":0,"1070":1,"1071":0,"1072":0,"1073":0,"1078":1,"1079":0,"1082":1,"1084":0,"1085":0,"1086":0,"1090":0,"1091":0,"1092":0,"1093":0,"1094":0,"1095":0,"1096":0,"1100":0,"1101":0,"1105":0,"1106":0,"1110":0,"1111":0,"1112":0,"1113":0,"1114":0,"1115":0,"1116":0,"1125":0,"1126":0,"1127":0,"1128":0,"1129":0,"1130":0,"1132":0,"1133":0,"1135":0,"1136":0,"1144":0,"1145":0,"1146":0,"1147":0,"1148":0,"1149":0,"1159":1,"1171":0,"1174":0,"1175":0,"1179":0,"1180":0,"1181":0,"1182":0,"1183":0,"1185":0,"1199":1,"1211":0,"1215":1,"1216":0,"1219":0,"1220":0,"1221":0,"1222":0,"1223":0,"1224":0,"1226":0,"1227":0,"1230":0,"1231":0,"1234":0,"1235":0,"1248":1,"1260":0,"1263":0,"1264":0,"1267":0,"1268":0,"1271":0,"1272":0,"1273":0,"1274":0,"1285":1,"1296":0,"1298":0,"1299":0,"1306":1,"1318":0,"1336":1,"1337":0,"1340":0,"1341":0,"1342":0,"1343":0,"1344":0,"1345":0,"1347":0,"1348":0,"1355":0,"1356":0,"1357":0,"1358":0,"1360":0,"1361":0,"1364":0,"1365":0,"1368":0,"1372":0,"1376":0,"1388":1,"1400":0,"1401":0,"1404":0,"1405":0,"1407":0,"1412":0,"1413":0,"1414":0,"1415":0,"1426":1,"1438":0,"1442":0,"1443":0,"1446":0,"1447":0,"1448":0,"1459":1,"1471":0,"1475":0,"1476":0,"1477":0,"1482":0,"1483":0,"1484":0,"1485":0,"1496":1,"1508":0,"1511":0,"1512":0,"1520":0,"1522":0,"1523":0,"1524":0,"1525":0,"1530":0,"1531":0,"1533":0,"1534":0,"1537":0,"1538":0,"1541":0,"1542":0,"1545":0,"1546":0,"1549":0,"1550":0,"1563":1,"1575":0,"1576":0,"1577":0,"1584":0,"1585":0,"1586":0,"1588":0,"1589":0,"1590":0,"1591":0,"1592":0,"1593":0,"1594":0,"1600":0,"1601":0,"1602":0,"1603":0,"1618":1,"1629":0,"1633":1,"1634":0,"1637":0,"1639":0,"1640":0,"1643":0,"1644":0,"1645":0,"1659":1,"1671":0,"1673":0,"1674":0,"1687":1,"1699":0,"1703":0,"1704":0,"1705":0,"1706":0,"1711":0,"1712":0,"1713":0,"1714":0,"1726":1,"1738":0,"1740":0,"1743":0,"1744":0,"1756":1,"1767":0,"1770":0,"1771":0,"1774":0,"1775":0,"1778":0,"1779":0,"1783":0,"1784":0,"1785":0,"1786":0,"1787":0,"1788":0,"1790":0,"1791":0,"1794":0,"1797":0,"1798":0,"1799":0,"1800":0,"1801":0,"1802":0,"1812":1,"1825":0,"1828":1,"1829":0,"1830":0,"1838":0,"1842":1,"1843":0,"1844":0,"1845":0,"1846":0,"1847":0,"1848":0,"1854":0,"1855":0,"1856":0,"1857":0,"1858":0,"1859":0,"1861":0,"1862":0,"1865":0,"1866":0,"1867":0,"1868":0,"1874":0,"1875":0,"1876":0,"1877":0,"1878":0,"1879":0,"1889":1,"1901":0,"1904":0,"1905":0,"1911":0,"1912":0,"1914":0,"1915":0,"1916":0,"1917":0,"1918":0,"1919":0,"1920":0,"1921":0,"1923":0,"1924":0,"1926":0,"1937":0,"1939":0,"1940":0,"1941":0,"1944":0,"1945":0,"1958":1,"1970":0,"1972":0,"1973":0,"1978":0,"1979":0,"1981":0,"1982":0,"1983":0,"1984":0,"1985":0,"1999":1,"2011":0,"2013":0,"2014":0,"2020":0,"2021":0,"2022":0,"2023":0,"2024":0,"2025":0,"2026":0,"2027":0,"2028":0,"2029":0,"2046":1,"2057":0,"2060":0,"2061":0,"2064":0,"2065":0,"2075":1,"2086":0,"2088":0,"2089":0,"2092":0,"2093":0,"2094":0,"2105":1,"2116":0,"2118":0,"2119":0,"2122":0,"2123":0,"2124":0,"2135":1,"2146":0,"2148":1,"2149":0,"2152":0,"2153":0,"2154":0,"2155":0,"2156":0,"2157":0,"2158":0,"2159":0,"2160":0,"2162":0,"2163":0,"2171":0,"2181":1,"2193":0,"2213":0,"2214":0,"2215":0,"2216":0,"2221":1,"2222":0,"2226":1,"2228":0,"2231":0,"2232":0,"2233":0,"2235":0,"2236":0,"2239":0,"2240":0,"2246":0,"2247":0,"2250":0,"2251":0,"2253":0,"2254":0,"2258":0,"2259":0,"2270":1,"2282":0,"2285":0,"2286":0,"2288":0,"2289":0,"2300":1,"2312":0,"2317":1,"2318":0,"2319":0,"2323":1,"2324":0,"2325":0,"2329":0,"2330":0,"2333":0,"2334":0,"2337":0,"2338":0,"2339":0,"2340":0,"2344":0,"2345":0,"2356":1,"2368":0,"2371":0,"2372":0,"2374":0,"2375":0,"2385":1,"2397":0,"2399":0,"2408":0,"2409":0,"2415":0,"2416":0,"2417":0,"2419":0,"2421":0,"2422":0,"2423":0,"2424":0,"2428":0,"2429":0,"2430":0,"2431":0,"2438":0,"2439":0,"2442":0,"2443":0,"2444":0,"2445":0,"2450":0,"2451":0,"2462":1,"2474":0,"2476":0,"2477":0,"2482":0,"2483":0,"2485":0,"2486":0,"2487":0,"2499":1,"2512":0,"2514":0,"2516":0,"2523":0,"2524":0,"2526":0,"2527":0,"2528":0,"2529":0,"2531":0,"2532":0,"2533":0,"2537":0,"2538":0,"2539":0,"2540":0,"2541":0,"2558":1,"2570":0,"2634":1,"2635":0,"2636":0,"2640":1,"2641":0,"2648":0,"2649":0,"2650":0,"2657":0,"2658":0,"2659":0,"2661":0,"2662":0,"2665":0,"2666":0,"2673":0,"2674":0,"2675":0,"2676":0,"2677":0,"2678":0,"2680":0,"2681":0,"2683":0,"2684":0,"2687":0,"2694":0,"2695":0,"2696":0,"2697":0,"2698":0,"2699":0,"2708":1,"2720":0,"2723":0,"2724":0,"2728":0,"2729":0,"2730":0,"2732":0,"2741":1,"2756":1,"2757":0,"2758":0,"2761":0,"2762":0,"2764":0,"2766":0,"2768":0,"2770":0,"2775":1,"2785":0,"2793":0,"2803":0,"2814":0,"2824":0,"2825":0,"2826":0,"2828":0,"2832":0,"2833":0,"2834":0,"2836":0,"2837":0,"2841":0,"2844":0,"2850":1,"2861":0,"2870":0,"2882":0,"2884":0,"2891":0,"2892":0,"2895":0,"2896":0,"2899":0,"2900":0,"2901":0,"2903":0,"2908":0,"2912":1,"2923":0,"2932":0,"2944":0,"2959":0,"2960":0,"2961":0,"2963":0,"2966":0,"2967":0,"2968":0,"2969":0,"2970":0,"2972":0,"2976":0,"2979":0,"2985":1,"2996":0,"2997":0,"3006":0,"3007":0,"3008":0,"3009":0,"3011":0,"3014":0,"3025":0,"3026":0,"3032":0,"3036":1,"3047":0,"3056":0,"3069":0,"3083":0,"3084":0,"3085":0,"3087":0,"3101":0,"3103":0,"3104":0,"3107":0,"3111":0,"3113":0,"3117":0,"3120":0,"3124":0,"3125":0,"3126":0,"3128":0,"3134":0,"3135":0,"3139":0,"3144":1,"3155":0,"3164":0,"3176":0,"3191":0,"3192":0,"3193":0,"3195":0,"3198":0,"3200":0,"3201":0,"3202":0,"3203":0,"3205":0,"3206":0,"3207":0,"3209":0,"3213":0,"3216":0,"3220":1,"3231":0,"3240":0,"3252":0,"3254":0,"3256":0,"3257":0,"3260":0,"3261":0,"3262":0,"3264":0,"3266":0,"3268":0,"3271":0,"3272":0,"3274":0,"3275":0,"3278":0,"3279":0,"3280":0,"3281":0,"3282":0,"3284":0,"3285":0,"3286":0,"3290":0,"3294":1}}}